{"logTime": "1211/155549", "correlationVector":"SnPshN8cpezLjqKlxQDXvC.40","action":"GetUpdates", "result":"DeleteReceived", "context":{"id":"503c2276-d266-476c-b118-c0e4c1613bc0", "isDeleted:":"true", "version":"1733404332349"}}
{"logTime": "1211/155549", "correlationVector":"SnPshN8cpezLjqKlxQDXvC.41","action":"GetUpdates", "result":"DeleteReceived", "context":{"id":"a27c9915-1b35-41bb-ad68-2370c671c6ca", "isDeleted:":"true", "version":"1733404332350"}}
{"logTime": "1211/155549", "correlationVector":"SnPshN8cpezLjqKlxQDXvC.42","action":"GetUpdates", "result":"DeleteReceived", "context":{"id":"933b7b51-1543-4ebf-bb39-00cc8b0dfb0b", "isDeleted:":"true", "version":"1733404332351"}}
{"logTime": "1211/155549", "correlationVector":"SnPshN8cpezLjqKlxQDXvC.43","action":"GetUpdates", "result":"DeleteReceived", "context":{"id":"df438de4-926f-44c7-9512-5894ed1cb9a1", "isDeleted:":"true", "version":"1733404332352"}}
{"logTime": "1211/155549", "correlationVector":"SnPshN8cpezLjqKlxQDXvC.44","action":"GetUpdates", "result":"DeleteReceived", "context":{"id":"56ffbdc4-6ede-4df2-be38-3c225e2c15f5", "isDeleted:":"true", "version":"1733404332353"}}
{"logTime": "1211/155549", "correlationVector":"SnPshN8cpezLjqKlxQDXvC.45","action":"GetUpdates", "result":"DeleteReceived", "context":{"id":"7ca37daa-32a5-47ef-8b14-81e16de9d596", "isDeleted:":"true", "version":"1733404332355"}}
{"logTime": "1211/155549", "correlationVector":"SnPshN8cpezLjqKlxQDXvC.46","action":"GetUpdates", "result":"DeleteReceived", "context":{"id":"2a9cb42a-b9e2-4b25-9b95-106e7fdd0498", "isDeleted:":"true", "version":"1733404366382"}}
{"logTime": "1211/155549", "correlationVector":"SnPshN8cpezLjqKlxQDXvC.47","action":"GetUpdates", "result":"DeleteReceived", "context":{"id":"d35e86c1-00fb-4802-8b5e-c08ef7e1a813", "isDeleted:":"true", "version":"1733404366383"}}
{"logTime": "1211/155549", "correlationVector":"SnPshN8cpezLjqKlxQDXvC.48","action":"GetUpdates", "result":"DeleteReceived", "context":{"id":"e5fefbda-6409-4f8e-9cf3-09ed87efefd1", "isDeleted:":"true", "version":"1733404366384"}}
{"logTime": "1211/155549", "correlationVector":"SnPshN8cpezLjqKlxQDXvC.49","action":"GetUpdates", "result":"DeleteReceived", "context":{"id":"6d68349d-bada-40a0-9175-8eff150742a6", "isDeleted:":"true", "version":"1733404366385"}}
{"logTime": "1211/155549", "correlationVector":"SnPshN8cpezLjqKlxQDXvC.50","action":"GetUpdates", "result":"DeleteReceived", "context":{"id":"6793e980-bb9c-41e7-ab62-69a64dfff4a3", "isDeleted:":"true", "version":"1733409957707"}}
{"logTime": "1211/155549", "correlationVector":"SnPshN8cpezLjqKlxQDXvC.51","action":"GetUpdates", "result":"DeleteReceived", "context":{"id":"614347fb-b575-4bae-804a-fee6b08d9493", "isDeleted:":"true", "version":"1733409957708"}}
{"logTime": "1211/155549", "correlationVector":"SnPshN8cpezLjqKlxQDXvC.52","action":"GetUpdates", "result":"DeleteReceived", "context":{"id":"7659dcfc-9626-4fa1-8c66-5dbf6f722710", "isDeleted:":"true", "version":"1733409957709"}}
{"logTime": "1211/155549", "correlationVector":"SnPshN8cpezLjqKlxQDXvC.53","action":"GetUpdates", "result":"DeleteReceived", "context":{"id":"43e00983-7561-4598-bd45-c10bff8b7b13", "isDeleted:":"true", "version":"1733409957710"}}
{"logTime": "1211/155549", "correlationVector":"SnPshN8cpezLjqKlxQDXvC.54","action":"GetUpdates", "result":"DeleteReceived", "context":{"id":"9257c209-3b18-48e3-b19a-b2ff170b36ee", "isDeleted:":"true", "version":"1733409957711"}}
{"logTime": "1211/155549", "correlationVector":"SnPshN8cpezLjqKlxQDXvC.55","action":"GetUpdates", "result":"DeleteReceived", "context":{"id":"77563288-c6e9-47dc-9ecc-406ca6918600", "isDeleted:":"true", "version":"1733409957712"}}
{"logTime": "1211/155549", "correlationVector":"SnPshN8cpezLjqKlxQDXvC.56","action":"GetUpdates", "result":"DeleteReceived", "context":{"id":"76a778bc-fe91-487d-bfaf-13a9f6017859", "isDeleted:":"true", "version":"1733409957713"}}
{"logTime": "1211/155549", "correlationVector":"SnPshN8cpezLjqKlxQDXvC.57","action":"GetUpdates", "result":"DeleteReceived", "context":{"id":"0c170589-bdac-4f4a-b72c-7c10f334eef0", "isDeleted:":"true", "version":"1733415097005"}}
{"logTime": "1211/155549", "correlationVector":"SnPshN8cpezLjqKlxQDXvC.58","action":"GetUpdates", "result":"DeleteReceived", "context":{"id":"cd1b7e03-c351-48f5-8743-5a0018539370", "isDeleted:":"true", "version":"1733415097006"}}
{"logTime": "1211/155549", "correlationVector":"SnPshN8cpezLjqKlxQDXvC.59","action":"GetUpdates", "result":"DeleteReceived", "context":{"id":"e98d6bde-23ca-4056-805e-5cfc21e8b45c", "isDeleted:":"true", "version":"1733415097007"}}
{"logTime": "1211/155549", "correlationVector":"SnPshN8cpezLjqKlxQDXvC.60","action":"GetUpdates", "result":"DeleteReceived", "context":{"id":"8d4a2ba1-5b29-4f1c-b720-52ce2934d092", "isDeleted:":"true", "version":"1733415097008"}}
{"logTime": "1211/155549", "correlationVector":"SnPshN8cpezLjqKlxQDXvC.61","action":"GetUpdates", "result":"DeleteReceived", "context":{"id":"4020c2cb-39ad-49b1-a28c-55f714c18593", "isDeleted:":"true", "version":"1733415097010"}}
{"logTime": "1211/155549", "correlationVector":"SnPshN8cpezLjqKlxQDXvC.62","action":"GetUpdates", "result":"DeleteReceived", "context":{"id":"84cc82b3-5dc0-44c1-a6a2-0e571673d456", "isDeleted:":"true", "version":"1733415097011"}}
{"logTime": "1211/155549", "correlationVector":"SnPshN8cpezLjqKlxQDXvC.63","action":"GetUpdates", "result":"DeleteReceived", "context":{"id":"01750e41-f882-482f-9887-f7ae6d37f2e0", "isDeleted:":"true", "version":"1733415097012"}}
{"logTime": "1211/155549", "correlationVector":"SnPshN8cpezLjqKlxQDXvC.64","action":"GetUpdates", "result":"DeleteReceived", "context":{"id":"210c438b-d0ce-44b5-a92c-1841396d283f", "isDeleted:":"true", "version":"1733415097013"}}
{"logTime": "1211/155549", "correlationVector":"SnPshN8cpezLjqKlxQDXvC.65","action":"GetUpdates", "result":"DeleteReceived", "context":{"id":"78a24e34-b179-4c5d-ab71-0fc84ff6f5f6", "isDeleted:":"true", "version":"1733415097014"}}
{"logTime": "1211/155549", "correlationVector":"SnPshN8cpezLjqKlxQDXvC.66","action":"GetUpdates", "result":"DeleteReceived", "context":{"id":"292b2879-a915-4cb3-b8e8-28de3c2bae58", "isDeleted:":"true", "version":"1733415127748"}}
{"logTime": "1211/155549", "correlationVector":"SnPshN8cpezLjqKlxQDXvC.67","action":"GetUpdates", "result":"DeleteReceived", "context":{"id":"c4777bc8-d560-4800-8891-7f0cedd5ad9c", "isDeleted:":"true", "version":"1733416825522"}}
{"logTime": "1211/155549", "correlationVector":"SnPshN8cpezLjqKlxQDXvC.68","action":"GetUpdates", "result":"DeleteReceived", "context":{"id":"3ac3dd95-8825-4068-8ee3-772cd5a82a84", "isDeleted:":"true", "version":"1733417211861"}}
{"logTime": "1211/155549", "correlationVector":"SnPshN8cpezLjqKlxQDXvC.69","action":"GetUpdates", "result":"DeleteReceived", "context":{"id":"9d686ce1-e178-46da-940e-535240cb9914", "isDeleted:":"true", "version":"1733418445864"}}
{"logTime": "1211/155549", "correlationVector":"SnPshN8cpezLjqKlxQDXvC.70","action":"GetUpdates", "result":"DeleteReceived", "context":{"id":"67680cd7-7f26-43fb-aa51-db79d86a82ad", "isDeleted:":"true", "version":"1733418514225"}}
{"logTime": "1211/155549", "correlationVector":"SnPshN8cpezLjqKlxQDXvC.71","action":"GetUpdates", "result":"DeleteReceived", "context":{"id":"a46fd01b-5f36-4063-8fb0-b938358fd2dd", "isDeleted:":"true", "version":"1733418545793"}}
{"logTime": "1211/155549", "correlationVector":"SnPshN8cpezLjqKlxQDXvC.72","action":"GetUpdates", "result":"DeleteReceived", "context":{"id":"1580a01d-f8d0-465d-89b8-ba3805eff7ef", "isDeleted:":"true", "version":"1733418848002"}}
{"logTime": "1211/155549", "correlationVector":"SnPshN8cpezLjqKlxQDXvC.73","action":"GetUpdates", "result":"DeleteReceived", "context":{"id":"ee063ed8-271a-46a4-bb5e-fe779e82f6c9", "isDeleted:":"true", "version":"1733419581679"}}
{"logTime": "1211/155549", "correlationVector":"SnPshN8cpezLjqKlxQDXvC.74","action":"GetUpdates", "result":"DeleteReceived", "context":{"id":"e767b3d4-368a-4202-ad70-01a85c7fa4bf", "isDeleted:":"true", "version":"1733419581680"}}
{"logTime": "1211/155549", "correlationVector":"SnPshN8cpezLjqKlxQDXvC.75","action":"GetUpdates", "result":"DeleteReceived", "context":{"id":"34ab287e-6bab-4ad1-9c21-30fac20b36b9", "isDeleted:":"true", "version":"1733421450895"}}
{"logTime": "1211/155549", "correlationVector":"SnPshN8cpezLjqKlxQDXvC.76","action":"GetUpdates", "result":"DeleteReceived", "context":{"id":"fa346b03-d197-4356-bf45-e34abd0a9f2e", "isDeleted:":"true", "version":"1733422110495"}}
{"logTime": "1211/155549", "correlationVector":"SnPshN8cpezLjqKlxQDXvC.77","action":"GetUpdates", "result":"DeleteReceived", "context":{"id":"3895e0b9-b5e7-4e5b-bb6f-e1d84cc11dd3", "isDeleted:":"true", "version":"1733422569690"}}
{"logTime": "1211/155549", "correlationVector":"SnPshN8cpezLjqKlxQDXvC.78","action":"GetUpdates", "result":"DeleteReceived", "context":{"id":"b241193e-3646-4578-9827-00f65ce4bfcd", "isDeleted:":"true", "version":"1733422752579"}}
{"logTime": "1211/155549", "correlationVector":"SnPshN8cpezLjqKlxQDXvC.79","action":"GetUpdates", "result":"DeleteReceived", "context":{"id":"e809f718-6e7e-4a5c-8643-08678c38f431", "isDeleted:":"true", "version":"1733422907893"}}
{"logTime": "1211/155549", "correlationVector":"SnPshN8cpezLjqKlxQDXvC.80","action":"GetUpdates", "result":"DeleteReceived", "context":{"id":"6de368f4-b75f-4afa-87cb-fe7fc241ab14", "isDeleted:":"true", "version":"1733422949521"}}
{"logTime": "1211/155549", "correlationVector":"SnPshN8cpezLjqKlxQDXvC.81","action":"GetUpdates", "result":"DeleteReceived", "context":{"id":"6a440812-7abb-432f-b873-20044d4e252e", "isDeleted:":"true", "version":"1733423330499"}}
{"logTime": "1211/155549", "correlationVector":"SnPshN8cpezLjqKlxQDXvC.82","action":"GetUpdates", "result":"DeleteReceived", "context":{"id":"735ef498-64ba-4063-aad5-e5a8dfaf51c6", "isDeleted:":"true", "version":"1733423643548"}}
{"logTime": "1211/155549", "correlationVector":"SnPshN8cpezLjqKlxQDXvC.83","action":"GetUpdates", "result":"DeleteReceived", "context":{"id":"901de9a1-eafe-497f-96c8-468f62d5e2e0", "isDeleted:":"true", "version":"1733442378243"}}
{"logTime": "1211/155549", "correlationVector":"SnPshN8cpezLjqKlxQDXvC.84","action":"GetUpdates", "result":"DeleteReceived", "context":{"id":"4363082e-8bda-491a-a892-d6c0e09beb42", "isDeleted:":"true", "version":"1733442378244"}}
{"logTime": "1211/155549", "correlationVector":"SnPshN8cpezLjqKlxQDXvC.85","action":"GetUpdates", "result":"DeleteReceived", "context":{"id":"c4780aab-1b6a-4161-a1ba-08dc6da15cf6", "isDeleted:":"true", "version":"1733442378245"}}
{"logTime": "1211/155549", "correlationVector":"SnPshN8cpezLjqKlxQDXvC.86","action":"GetUpdates", "result":"DeleteReceived", "context":{"id":"1cda580a-4e3f-45b1-a645-1b4176f7e6dc", "isDeleted:":"true", "version":"1733442378246"}}
{"logTime": "1211/155549", "correlationVector":"SnPshN8cpezLjqKlxQDXvC.87","action":"GetUpdates", "result":"DeleteReceived", "context":{"id":"8cc1e5ce-adda-422b-9754-4ad1ae2673db", "isDeleted:":"true", "version":"1733442378248"}}
{"logTime": "1211/155549", "correlationVector":"SnPshN8cpezLjqKlxQDXvC.88","action":"GetUpdates", "result":"DeleteReceived", "context":{"id":"a61ec41c-a0a0-4807-b6b5-32c00650a650", "isDeleted:":"true", "version":"1733442706573"}}
{"logTime": "1211/155549", "correlationVector":"SnPshN8cpezLjqKlxQDXvC.89","action":"GetUpdates", "result":"DeleteReceived", "context":{"id":"ef043eca-38bf-47ae-ab33-e146ae6534f6", "isDeleted:":"true", "version":"1733442706574"}}
{"logTime": "1211/155549", "correlationVector":"SnPshN8cpezLjqKlxQDXvC.90","action":"GetUpdates", "result":"DeleteReceived", "context":{"id":"96d2b15a-817d-45cf-adb8-ff86d15b498f", "isDeleted:":"true", "version":"1733442706575"}}
{"logTime": "1211/155549", "correlationVector":"SnPshN8cpezLjqKlxQDXvC.91","action":"GetUpdates", "result":"DeleteReceived", "context":{"id":"e0efb4bf-2cca-45e2-abc4-a99e68fb4f9e", "isDeleted:":"true", "version":"1733442706576"}}
{"logTime": "1211/155549", "correlationVector":"SnPshN8cpezLjqKlxQDXvC.92","action":"GetUpdates", "result":"DeleteReceived", "context":{"id":"fa135a23-463c-42d1-91e2-c1ec11f0aed5", "isDeleted:":"true", "version":"1733442706577"}}
{"logTime": "1211/155549", "correlationVector":"SnPshN8cpezLjqKlxQDXvC.93","action":"GetUpdates", "result":"DeleteReceived", "context":{"id":"5ddfe255-23ce-4586-880c-b7f90c829f69", "isDeleted:":"true", "version":"1733442706578"}}
{"logTime": "1211/155549", "correlationVector":"SnPshN8cpezLjqKlxQDXvC.94","action":"GetUpdates", "result":"DeleteReceived", "context":{"id":"4d8ca31f-caf0-4efc-baa9-18a2e5f7173e", "isDeleted:":"true", "version":"1733442706579"}}
{"logTime": "1211/155549", "correlationVector":"SnPshN8cpezLjqKlxQDXvC.95","action":"GetUpdates", "result":"DeleteReceived", "context":{"id":"c6cc4538-84b6-42e2-9401-138c9713900f", "isDeleted:":"true", "version":"1733442706580"}}
{"logTime": "1211/155549", "correlationVector":"SnPshN8cpezLjqKlxQDXvC.96","action":"GetUpdates", "result":"DeleteReceived", "context":{"id":"405889c5-8899-496a-b75e-7571236e843d", "isDeleted:":"true", "version":"1733442706581"}}
{"logTime": "1211/155549", "correlationVector":"SnPshN8cpezLjqKlxQDXvC.97","action":"GetUpdates", "result":"DeleteReceived", "context":{"id":"055aa292-d9ea-437f-871c-bd06842eb713", "isDeleted:":"true", "version":"1733442706583"}}
{"logTime": "1211/155549", "correlationVector":"SnPshN8cpezLjqKlxQDXvC.98","action":"GetUpdates", "result":"DeleteReceived", "context":{"id":"7657b1d6-15e6-45e4-986d-e5e65b5d171e", "isDeleted:":"true", "version":"1733442706584"}}
{"logTime": "1211/155549", "correlationVector":"SnPshN8cpezLjqKlxQDXvC.99","action":"GetUpdates", "result":"DeleteReceived", "context":{"id":"7863861e-84a5-40f8-9e1f-643f18840ecd", "isDeleted:":"true", "version":"1733446737591"}}
{"logTime": "1211/155549", "correlationVector":"SnPshN8cpezLjqKlxQDXvC.100","action":"GetUpdates", "result":"DeleteReceived", "context":{"id":"3238f3a5-5415-4bbf-8692-5f331e59bb69", "isDeleted:":"true", "version":"1733446745836"}}
{"logTime": "1211/155549", "correlationVector":"SnPshN8cpezLjqKlxQDXvC.101","action":"GetUpdates", "result":"DeleteReceived", "context":{"id":"ac08c30b-b12a-46a8-ab1c-385549b750bd", "isDeleted:":"true", "version":"1733447002044"}}
{"logTime": "1211/155549", "correlationVector":"SnPshN8cpezLjqKlxQDXvC.102","action":"GetUpdates", "result":"DeleteReceived", "context":{"id":"927b13fb-0df5-4dc8-b222-68dd5462d0b8", "isDeleted:":"true", "version":"1733447002045"}}
{"logTime": "1211/155549", "correlationVector":"SnPshN8cpezLjqKlxQDXvC.103","action":"GetUpdates", "result":"DeleteReceived", "context":{"id":"b7385eeb-7fab-45c1-b17d-1b6a63006830", "isDeleted:":"true", "version":"1733449475465"}}
{"logTime": "1211/155549", "correlationVector":"SnPshN8cpezLjqKlxQDXvC.104","action":"GetUpdates", "result":"DeleteReceived", "context":{"id":"cfef530d-13aa-47c9-bf77-8b48ad36107e", "isDeleted:":"true", "version":"1733450048209"}}
{"logTime": "1211/155549", "correlationVector":"SnPshN8cpezLjqKlxQDXvC.105","action":"GetUpdates", "result":"DeleteReceived", "context":{"id":"4c1cd84a-7ee0-4983-b9bb-d380e1702c5e", "isDeleted:":"true", "version":"1733450438821"}}
{"logTime": "1211/155549", "correlationVector":"SnPshN8cpezLjqKlxQDXvC.106","action":"GetUpdates", "result":"DeleteReceived", "context":{"id":"969ac98f-aff2-435e-9ec1-45f152a952fe", "isDeleted:":"true", "version":"1733454425162"}}
{"logTime": "1211/155549", "correlationVector":"SnPshN8cpezLjqKlxQDXvC.107","action":"GetUpdates", "result":"DeleteReceived", "context":{"id":"d2dc60c9-01a6-4cc2-9a03-50dc664c78b8", "isDeleted:":"true", "version":"1733454425163"}}
{"logTime": "1211/155549", "correlationVector":"SnPshN8cpezLjqKlxQDXvC.108","action":"GetUpdates", "result":"DeleteReceived", "context":{"id":"f65adcc6-1ac2-4bd5-8fdf-b3351b87187a", "isDeleted:":"true", "version":"1733454425164"}}
{"logTime": "1211/155549", "correlationVector":"SnPshN8cpezLjqKlxQDXvC.109","action":"GetUpdates", "result":"DeleteReceived", "context":{"id":"635ab937-461b-48d4-8206-18d189ffe080", "isDeleted:":"true", "version":"1733454425165"}}
{"logTime": "1211/155549", "correlationVector":"SnPshN8cpezLjqKlxQDXvC.110","action":"GetUpdates", "result":"DeleteReceived", "context":{"id":"fd8e62bc-1b02-453a-9312-9c200291f5df", "isDeleted:":"true", "version":"1733454425166"}}
{"logTime": "1211/155549", "correlationVector":"SnPshN8cpezLjqKlxQDXvC.111","action":"GetUpdates", "result":"DeleteReceived", "context":{"id":"34d0b34f-59a3-4234-a5d1-f2c0a00c71e4", "isDeleted:":"true", "version":"1733454425168"}}
{"logTime": "1211/155549", "correlationVector":"SnPshN8cpezLjqKlxQDXvC.112","action":"GetUpdates", "result":"DeleteReceived", "context":{"id":"2a5dcd7d-8036-4fde-aa0c-5e43087bbe11", "isDeleted:":"true", "version":"1733459739142"}}
{"logTime": "1211/155549", "correlationVector":"SnPshN8cpezLjqKlxQDXvC.113","action":"GetUpdates", "result":"DeleteReceived", "context":{"id":"264b5ee4-6e35-4c94-a630-9be40f286e96", "isDeleted:":"true", "version":"1733460654499"}}
{"logTime": "1211/155549", "correlationVector":"SnPshN8cpezLjqKlxQDXvC.114","action":"GetUpdates", "result":"DeleteReceived", "context":{"id":"d38e0c8f-2a71-4d04-a00f-9872994009fc", "isDeleted:":"true", "version":"1733505807642"}}
{"logTime": "1211/155549", "correlationVector":"SnPshN8cpezLjqKlxQDXvC.115","action":"GetUpdates", "result":"DeleteReceived", "context":{"id":"1d7c7f13-5263-4522-bb58-4b55967046a1", "isDeleted:":"true", "version":"1733536587350"}}
{"logTime": "1211/155549", "correlationVector":"SnPshN8cpezLjqKlxQDXvC.116","action":"GetUpdates", "result":"DeleteReceived", "context":{"id":"037c670c-de4a-432e-b03b-4ffbd789f24f", "isDeleted:":"true", "version":"1733537015346"}}
{"logTime": "1211/155549", "correlationVector":"SnPshN8cpezLjqKlxQDXvC.117","action":"GetUpdates", "result":"DeleteReceived", "context":{"id":"ac3edfbb-0f80-4774-85af-de60b222628b", "isDeleted:":"true", "version":"1733537248411"}}
{"logTime": "1211/155549", "correlationVector":"SnPshN8cpezLjqKlxQDXvC.118","action":"GetUpdates", "result":"DeleteReceived", "context":{"id":"d03cc7f8-7125-4b88-b9ad-61f8a6e5c304", "isDeleted:":"true", "version":"1733538419075"}}
{"logTime": "1211/155549", "correlationVector":"SnPshN8cpezLjqKlxQDXvC.119","action":"GetUpdates", "result":"DeleteReceived", "context":{"id":"64a77f2c-b891-41b9-8c1e-5657cbad7dcc", "isDeleted:":"true", "version":"1733538539694"}}
{"logTime": "1211/155549", "correlationVector":"SnPshN8cpezLjqKlxQDXvC.120","action":"GetUpdates", "result":"DeleteReceived", "context":{"id":"d2921abb-ebfa-4f14-8ffd-8c748035538d", "isDeleted:":"true", "version":"1733538735291"}}
{"logTime": "1211/155549", "correlationVector":"SnPshN8cpezLjqKlxQDXvC.121","action":"GetUpdates", "result":"DeleteReceived", "context":{"id":"3c331ab9-4bf0-4569-8c7d-e21fb235f8d4", "isDeleted:":"true", "version":"1733538735292"}}
{"logTime": "1211/155549", "correlationVector":"SnPshN8cpezLjqKlxQDXvC.122","action":"GetUpdates", "result":"DeleteReceived", "context":{"id":"28238046-fecf-4ff1-9e52-2cd5b37da2c9", "isDeleted:":"true", "version":"1733538735293"}}
{"logTime": "1211/155549", "correlationVector":"SnPshN8cpezLjqKlxQDXvC.123","action":"GetUpdates", "result":"DeleteReceived", "context":{"id":"0ad63e3f-a69a-40e8-9e8c-805533f91e82", "isDeleted:":"true", "version":"1733538735294"}}
{"logTime": "1211/155549", "correlationVector":"SnPshN8cpezLjqKlxQDXvC.124","action":"GetUpdates", "result":"DeleteReceived", "context":{"id":"1493e959-2e65-4024-9409-5fa66dc2c7e7", "isDeleted:":"true", "version":"1733538735295"}}
{"logTime": "1211/155549", "correlationVector":"SnPshN8cpezLjqKlxQDXvC.125","action":"GetUpdates", "result":"DeleteReceived", "context":{"id":"b95fd280-fd87-44e3-b804-2278cc254b50", "isDeleted:":"true", "version":"1733538735296"}}
{"logTime": "1211/155549", "correlationVector":"SnPshN8cpezLjqKlxQDXvC.126","action":"GetUpdates", "result":"DeleteReceived", "context":{"id":"e49a1173-1223-4480-97ac-1fcc87137bc2", "isDeleted:":"true", "version":"1733538735297"}}
{"logTime": "1211/155549", "correlationVector":"SnPshN8cpezLjqKlxQDXvC.127","action":"GetUpdates", "result":"DeleteReceived", "context":{"id":"0cd86ecd-db38-4996-a473-bcfb8c0c13d2", "isDeleted:":"true", "version":"1733538735300"}}
{"logTime": "1211/155549", "correlationVector":"SnPshN8cpezLjqKlxQDXvC.128","action":"GetUpdates", "result":"DeleteReceived", "context":{"id":"eb48b067-96b0-455e-a9d3-f5bb2712f9cc", "isDeleted:":"true", "version":"1733538834167"}}
{"logTime": "1211/155549", "correlationVector":"SnPshN8cpezLjqKlxQDXvC.129","action":"GetUpdates", "result":"DeleteReceived", "context":{"id":"28e53745-ba51-4b72-a7e9-9fc2cd6dfceb", "isDeleted:":"true", "version":"1733539518808"}}
{"logTime": "1211/155549", "correlationVector":"SnPshN8cpezLjqKlxQDXvC.130","action":"GetUpdates", "result":"DeleteReceived", "context":{"id":"d58e7be1-de16-437a-b2db-8e9c815a91ff", "isDeleted:":"true", "version":"1733539549479"}}
{"logTime": "1211/155549", "correlationVector":"SnPshN8cpezLjqKlxQDXvC.131","action":"GetUpdates", "result":"DeleteReceived", "context":{"id":"e50bc7bc-4638-4fb5-9cb4-2edcbaefef8e", "isDeleted:":"true", "version":"1733539705271"}}
{"logTime": "1211/155549", "correlationVector":"SnPshN8cpezLjqKlxQDXvC.132","action":"GetUpdates", "result":"DeleteReceived", "context":{"id":"501238c6-8280-4c85-8d1c-7f0eef7ce130", "isDeleted:":"true", "version":"1733539705272"}}
{"logTime": "1211/155549", "correlationVector":"SnPshN8cpezLjqKlxQDXvC.133","action":"GetUpdates", "result":"DeleteReceived", "context":{"id":"e10b4734-2a08-4971-91df-9027b18d6560", "isDeleted:":"true", "version":"1733539747107"}}
{"logTime": "1211/155549", "correlationVector":"SnPshN8cpezLjqKlxQDXvC.134","action":"GetUpdates", "result":"DeleteReceived", "context":{"id":"99ee8d2b-e246-416e-af8e-3af3c2cbf273", "isDeleted:":"true", "version":"1733539881678"}}
{"logTime": "1211/155549", "correlationVector":"SnPshN8cpezLjqKlxQDXvC.135","action":"GetUpdates", "result":"DeleteReceived", "context":{"id":"d2691776-ada0-4709-b850-eb570e6cf3fb", "isDeleted:":"true", "version":"1733539916865"}}
{"logTime": "1211/155549", "correlationVector":"SnPshN8cpezLjqKlxQDXvC.136","action":"GetUpdates", "result":"DeleteReceived", "context":{"id":"27334cf1-5e14-48d9-bfa8-1e5c1da3b756", "isDeleted:":"true", "version":"1733539948413"}}
{"logTime": "1211/155549", "correlationVector":"SnPshN8cpezLjqKlxQDXvC.137","action":"GetUpdates", "result":"DeleteReceived", "context":{"id":"e51a58f9-6df1-466a-8273-54057ce61ec2", "isDeleted:":"true", "version":"1733540269143"}}
{"logTime": "1211/155549", "correlationVector":"SnPshN8cpezLjqKlxQDXvC.138","action":"GetUpdates", "result":"DeleteReceived", "context":{"id":"8c9855bf-3ccf-478d-a2a5-722e7768974c", "isDeleted:":"true", "version":"1733540322833"}}
{"logTime": "1211/155549", "correlationVector":"SnPshN8cpezLjqKlxQDXvC.139","action":"GetUpdates", "result":"DeleteReceived", "context":{"id":"cc3fa1e7-5910-4847-ab3e-3a1add00ea15", "isDeleted:":"true", "version":"1733540519543"}}
{"logTime": "1211/155549", "correlationVector":"SnPshN8cpezLjqKlxQDXvC.140","action":"GetUpdates", "result":"DeleteReceived", "context":{"id":"62a42b74-5c3e-4c76-9b3d-9c606be6fba9", "isDeleted:":"true", "version":"1733540970134"}}
{"logTime": "1211/155549", "correlationVector":"SnPshN8cpezLjqKlxQDXvC.141","action":"GetUpdates", "result":"DeleteReceived", "context":{"id":"48fd27e6-84de-4811-9a59-7ab0363e1139", "isDeleted:":"true", "version":"1733541651753"}}
{"logTime": "1211/155549", "correlationVector":"SnPshN8cpezLjqKlxQDXvC.142","action":"GetUpdates", "result":"DeleteReceived", "context":{"id":"f3eca61a-1c3d-4645-a894-046860032b4e", "isDeleted:":"true", "version":"1733541651754"}}
{"logTime": "1211/155549", "correlationVector":"SnPshN8cpezLjqKlxQDXvC.143","action":"GetUpdates", "result":"DeleteReceived", "context":{"id":"a80045c4-2d6f-46a3-ab95-6c9f2b0deaa4", "isDeleted:":"true", "version":"1733541840938"}}
{"logTime": "1211/155549", "correlationVector":"SnPshN8cpezLjqKlxQDXvC.144","action":"GetUpdates", "result":"DeleteReceived", "context":{"id":"413581d4-9f18-4d49-8166-160e4a4894ca", "isDeleted:":"true", "version":"1733543082420"}}
{"logTime": "1211/155549", "correlationVector":"SnPshN8cpezLjqKlxQDXvC.145","action":"GetUpdates", "result":"DeleteReceived", "context":{"id":"f8f632e6-68eb-4fc0-872a-c0ff6223fb25", "isDeleted:":"true", "version":"1733543082421"}}
{"logTime": "1211/155549", "correlationVector":"SnPshN8cpezLjqKlxQDXvC.146","action":"GetUpdates", "result":"DeleteReceived", "context":{"id":"484aa909-5a81-4b58-8ff8-ed91a5928443", "isDeleted:":"true", "version":"1733543082422"}}
{"logTime": "1211/155549", "correlationVector":"SnPshN8cpezLjqKlxQDXvC.147","action":"GetUpdates", "result":"DeleteReceived", "context":{"id":"d230a31e-ca9a-4bec-bd9e-6c0632a5dba5", "isDeleted:":"true", "version":"1733543082423"}}
{"logTime": "1211/155549", "correlationVector":"SnPshN8cpezLjqKlxQDXvC.148","action":"GetUpdates", "result":"DeleteReceived", "context":{"id":"e3737331-8d1a-4b9f-8f58-eb3ffedfd95a", "isDeleted:":"true", "version":"1733543082424"}}
{"logTime": "1211/155549", "correlationVector":"SnPshN8cpezLjqKlxQDXvC.149","action":"GetUpdates", "result":"DeleteReceived", "context":{"id":"b6842f92-03e2-4a0c-87c9-08c45d084ea9", "isDeleted:":"true", "version":"1733543082425"}}
{"logTime": "1211/155549", "correlationVector":"SnPshN8cpezLjqKlxQDXvC.150","action":"GetUpdates", "result":"DeleteReceived", "context":{"id":"9c5e352c-fb94-48d5-9ffd-c3ac237acd22", "isDeleted:":"true", "version":"1733543082426"}}
{"logTime": "1211/155549", "correlationVector":"SnPshN8cpezLjqKlxQDXvC.151","action":"GetUpdates", "result":"DeleteReceived", "context":{"id":"80c74f36-48e5-416e-91cc-847228bbe397", "isDeleted:":"true", "version":"1733543082427"}}
{"logTime": "1211/155549", "correlationVector":"SnPshN8cpezLjqKlxQDXvC.152","action":"GetUpdates", "result":"DeleteReceived", "context":{"id":"2ee4faa6-eada-4f11-af3e-472f724ceb5a", "isDeleted:":"true", "version":"1733543082428"}}
{"logTime": "1211/155549", "correlationVector":"SnPshN8cpezLjqKlxQDXvC.153","action":"GetUpdates", "result":"DeleteReceived", "context":{"id":"04f8a2b3-4154-477a-8e22-ad83dee3ba0a", "isDeleted:":"true", "version":"1733543082429"}}
{"logTime": "1211/155549", "correlationVector":"SnPshN8cpezLjqKlxQDXvC.154","action":"GetUpdates", "result":"DeleteReceived", "context":{"id":"8e23eb8e-6972-4d24-9fdf-770f880afe60", "isDeleted:":"true", "version":"1733543082430"}}
{"logTime": "1211/155549", "correlationVector":"SnPshN8cpezLjqKlxQDXvC.155","action":"GetUpdates", "result":"DeleteReceived", "context":{"id":"282eabdf-a9e7-420f-843f-0ce811897273", "isDeleted:":"true", "version":"1733546044113"}}
{"logTime": "1211/155549", "correlationVector":"SnPshN8cpezLjqKlxQDXvC.156","action":"GetUpdates", "result":"DeleteReceived", "context":{"id":"1cad075b-ce3c-4a80-8b41-e52d0c45e53d", "isDeleted:":"true", "version":"1733547410613"}}
{"logTime": "1211/155549", "correlationVector":"SnPshN8cpezLjqKlxQDXvC.157","action":"GetUpdates", "result":"DeleteReceived", "context":{"id":"b86da221-047d-4951-83b9-7800cf5c14bb", "isDeleted:":"true", "version":"1733547410614"}}
{"logTime": "1211/155549", "correlationVector":"SnPshN8cpezLjqKlxQDXvC.158","action":"GetUpdates", "result":"DeleteReceived", "context":{"id":"44204025-4674-4bf5-bdb7-8fdcf6d1c295", "isDeleted:":"true", "version":"1733547410615"}}
{"logTime": "1211/155549", "correlationVector":"SnPshN8cpezLjqKlxQDXvC.159","action":"GetUpdates", "result":"DeleteReceived", "context":{"id":"08a5f39e-8018-4f6e-8304-dba66e4d2482", "isDeleted:":"true", "version":"1733547946283"}}
{"logTime": "1211/155549", "correlationVector":"SnPshN8cpezLjqKlxQDXvC.160","action":"GetUpdates", "result":"DeleteReceived", "context":{"id":"c03e0587-96b0-425b-9331-1cdfd2c39ea1", "isDeleted:":"true", "version":"1733547946284"}}
{"logTime": "1211/155549", "correlationVector":"SnPshN8cpezLjqKlxQDXvC.161","action":"GetUpdates", "result":"DeleteReceived", "context":{"id":"0c3d2167-668a-46ec-ab5d-a53453eef377", "isDeleted:":"true", "version":"1733547946286"}}
{"logTime": "1211/155549", "correlationVector":"SnPshN8cpezLjqKlxQDXvC.162","action":"GetUpdates", "result":"DeleteReceived", "context":{"id":"1107e7dd-5bb5-4035-ae88-dda767572e15", "isDeleted:":"true", "version":"1733547946287"}}
{"logTime": "1211/155549", "correlationVector":"SnPshN8cpezLjqKlxQDXvC.163","action":"GetUpdates", "result":"DeleteReceived", "context":{"id":"2a6e665a-6850-487f-8c52-f591463be43a", "isDeleted:":"true", "version":"1733548209850"}}
{"logTime": "1211/155549", "correlationVector":"SnPshN8cpezLjqKlxQDXvC.164","action":"GetUpdates", "result":"DeleteReceived", "context":{"id":"5840eea1-1a9c-4249-9bb8-ec3b074485fc", "isDeleted:":"true", "version":"1733548598925"}}
{"logTime": "1211/155549", "correlationVector":"SnPshN8cpezLjqKlxQDXvC.165","action":"GetUpdates", "result":"DeleteReceived", "context":{"id":"ff64eec1-2ec1-4c99-9f29-87378665f023", "isDeleted:":"true", "version":"1733548831711"}}
{"logTime": "1211/155549", "correlationVector":"SnPshN8cpezLjqKlxQDXvC.166","action":"GetUpdates", "result":"DeleteReceived", "context":{"id":"68e706ca-a16a-4ebb-b8fb-ffffa9cf2cf8", "isDeleted:":"true", "version":"1733568159452"}}
{"logTime": "1211/155549", "correlationVector":"SnPshN8cpezLjqKlxQDXvC.167","action":"GetUpdates", "result":"DeleteReceived", "context":{"id":"a1c89fc8-e77f-4acb-ab72-21e444224a6b", "isDeleted:":"true", "version":"1733568159453"}}
{"logTime": "1211/155549", "correlationVector":"SnPshN8cpezLjqKlxQDXvC.168","action":"GetUpdates", "result":"DeleteReceived", "context":{"id":"2e73be79-9985-4ac3-96e0-b5d94bfed1ab", "isDeleted:":"true", "version":"1733568159454"}}
{"logTime": "1211/155549", "correlationVector":"SnPshN8cpezLjqKlxQDXvC.169","action":"GetUpdates", "result":"DeleteReceived", "context":{"id":"1026a595-899f-4ef9-a15e-56f64c2e2f29", "isDeleted:":"true", "version":"1733568159455"}}
{"logTime": "1211/155549", "correlationVector":"SnPshN8cpezLjqKlxQDXvC.170","action":"GetUpdates", "result":"DeleteReceived", "context":{"id":"e71e7e48-503c-4b4a-a001-335c43e54faa", "isDeleted:":"true", "version":"1733568159456"}}
{"logTime": "1211/155549", "correlationVector":"SnPshN8cpezLjqKlxQDXvC.171","action":"GetUpdates", "result":"DeleteReceived", "context":{"id":"3fb193d6-8c18-42b0-8527-5bccd4f80247", "isDeleted:":"true", "version":"1733568159457"}}
{"logTime": "1211/155549", "correlationVector":"SnPshN8cpezLjqKlxQDXvC.172","action":"GetUpdates", "result":"DeleteReceived", "context":{"id":"89069ef9-01b5-4924-81ca-e0b076cda41a", "isDeleted:":"true", "version":"1733568159458"}}
{"logTime": "1211/155549", "correlationVector":"SnPshN8cpezLjqKlxQDXvC.173","action":"GetUpdates", "result":"DeleteReceived", "context":{"id":"9646ea1f-0360-429a-b929-44a5b1ab8643", "isDeleted:":"true", "version":"1733568159460"}}
{"logTime": "1211/155549", "correlationVector":"SnPshN8cpezLjqKlxQDXvC.174","action":"GetUpdates", "result":"DeleteReceived", "context":{"id":"966c25cc-6647-423e-b588-f33afab90c54", "isDeleted:":"true", "version":"1733569328610"}}
{"logTime": "1211/155549", "correlationVector":"SnPshN8cpezLjqKlxQDXvC.175","action":"GetUpdates", "result":"DeleteReceived", "context":{"id":"049bf695-c0e0-41ad-8634-3a620cdb56b9", "isDeleted:":"true", "version":"1733569328611"}}
{"logTime": "1211/155549", "correlationVector":"SnPshN8cpezLjqKlxQDXvC.176","action":"GetUpdates", "result":"DeleteReceived", "context":{"id":"c8669980-20f5-4fb9-b9a5-7e10a28e6c61", "isDeleted:":"true", "version":"1733575629020"}}
{"logTime": "1211/155549", "correlationVector":"SnPshN8cpezLjqKlxQDXvC.177","action":"GetUpdates", "result":"DeleteReceived", "context":{"id":"b8e94455-73ca-4de6-b260-294440b91fd5", "isDeleted:":"true", "version":"1733575629022"}}
{"logTime": "1211/155549", "correlationVector":"SnPshN8cpezLjqKlxQDXvC.178","action":"GetUpdates", "result":"DeleteReceived", "context":{"id":"5c4c6892-b327-45ee-9b89-c251fe234668", "isDeleted:":"true", "version":"1733580036392"}}
{"logTime": "1211/155549", "correlationVector":"SnPshN8cpezLjqKlxQDXvC.179","action":"GetUpdates", "result":"DeleteReceived", "context":{"id":"8e000e26-d89f-40ad-b317-067b68369886", "isDeleted:":"true", "version":"1733580036394"}}
{"logTime": "1211/155549", "correlationVector":"SnPshN8cpezLjqKlxQDXvC.180","action":"GetUpdates", "result":"DeleteReceived", "context":{"id":"410018f5-4f88-4bef-8d1a-7274f4d25d3f", "isDeleted:":"true", "version":"1733588384102"}}
{"logTime": "1211/155549", "correlationVector":"SnPshN8cpezLjqKlxQDXvC.181","action":"GetUpdates", "result":"DeleteReceived", "context":{"id":"1fc89d3a-e799-4c94-920f-d7b78d0688d9", "isDeleted:":"true", "version":"1733588384104"}}
{"logTime": "1211/155549", "correlationVector":"SnPshN8cpezLjqKlxQDXvC.182","action":"GetUpdates", "result":"DeleteReceived", "context":{"id":"81a99e38-ebf0-4e8e-bf4e-ba2881b99717", "isDeleted:":"true", "version":"1733594263620"}}
{"logTime": "1211/155549", "correlationVector":"SnPshN8cpezLjqKlxQDXvC.183","action":"GetUpdates", "result":"DeleteReceived", "context":{"id":"1a8a53a4-f650-451c-8f99-b2a1a728d1cd", "isDeleted:":"true", "version":"1733595286912"}}
{"logTime": "1211/155549", "correlationVector":"SnPshN8cpezLjqKlxQDXvC.184","action":"GetUpdates", "result":"DeleteReceived", "context":{"id":"acf56005-ccc8-470c-9f71-17db5835313d", "isDeleted:":"true", "version":"1733595428801"}}
{"logTime": "1211/155549", "correlationVector":"SnPshN8cpezLjqKlxQDXvC.185","action":"GetUpdates", "result":"DeleteReceived", "context":{"id":"b24bcf0b-6c25-4fcd-be09-4ee8f052822b", "isDeleted:":"true", "version":"1733595666292"}}
{"logTime": "1211/155549", "correlationVector":"SnPshN8cpezLjqKlxQDXvC.186","action":"GetUpdates", "result":"DeleteReceived", "context":{"id":"bf7e4da5-bd24-4c72-b3a3-b9c93b4782b6", "isDeleted:":"true", "version":"1733604732551"}}
{"logTime": "1211/155549", "correlationVector":"SnPshN8cpezLjqKlxQDXvC.187","action":"GetUpdates", "result":"DeleteReceived", "context":{"id":"63f971a8-ced1-43b7-8432-93c33e458379", "isDeleted:":"true", "version":"1733604732552"}}
{"logTime": "1211/155549", "correlationVector":"SnPshN8cpezLjqKlxQDXvC.188","action":"GetUpdates", "result":"DeleteReceived", "context":{"id":"e3fe6d52-3b02-423a-bff3-efeae5c419a1", "isDeleted:":"true", "version":"1733604732553"}}
{"logTime": "1211/155549", "correlationVector":"SnPshN8cpezLjqKlxQDXvC.189","action":"GetUpdates", "result":"DeleteReceived", "context":{"id":"671c432c-3e05-41ce-9916-df3515eab42a", "isDeleted:":"true", "version":"1733604732554"}}
{"logTime": "1211/155549", "correlationVector":"SnPshN8cpezLjqKlxQDXvC.190","action":"GetUpdates", "result":"DeleteReceived", "context":{"id":"ab8adf16-2db8-4860-b30c-1c3e16eff0f6", "isDeleted:":"true", "version":"1733604732556"}}
{"logTime": "1211/155549", "correlationVector":"SnPshN8cpezLjqKlxQDXvC.191","action":"GetUpdates", "result":"DeleteReceived", "context":{"id":"c0102bb0-c5ae-4fab-a7e4-d2260e36a223", "isDeleted:":"true", "version":"1733606133975"}}
{"logTime": "1211/155549", "correlationVector":"SnPshN8cpezLjqKlxQDXvC.192","action":"GetUpdates", "result":"DeleteReceived", "context":{"id":"12fbb833-2424-4be1-84bc-2bc313a543ae", "isDeleted:":"true", "version":"1733606133976"}}
{"logTime": "1211/155549", "correlationVector":"SnPshN8cpezLjqKlxQDXvC.193","action":"GetUpdates", "result":"DeleteReceived", "context":{"id":"bdcca70e-7cab-4fd9-b1d7-b9780aaf1f42", "isDeleted:":"true", "version":"1733606133977"}}
{"logTime": "1211/155549", "correlationVector":"SnPshN8cpezLjqKlxQDXvC.194","action":"GetUpdates", "result":"DeleteReceived", "context":{"id":"b6828351-2da5-4cdc-828a-858b1501e526", "isDeleted:":"true", "version":"1733606133979"}}
{"logTime": "1211/155549", "correlationVector":"SnPshN8cpezLjqKlxQDXvC.195","action":"GetUpdates", "result":"DeleteReceived", "context":{"id":"a395fbd2-4c83-4df2-bc7a-9318b11b9a4a", "isDeleted:":"true", "version":"1733606133980"}}
{"logTime": "1211/155549", "correlationVector":"SnPshN8cpezLjqKlxQDXvC.196","action":"GetUpdates", "result":"DeleteReceived", "context":{"id":"d2bc3900-fba7-4ebd-b5f4-ff6996064d62", "isDeleted:":"true", "version":"1733606133981"}}
{"logTime": "1211/155549", "correlationVector":"SnPshN8cpezLjqKlxQDXvC.197","action":"GetUpdates", "result":"DeleteReceived", "context":{"id":"6e57f43c-1f81-4e4c-99f6-fc9db84db695", "isDeleted:":"true", "version":"1733606133982"}}
{"logTime": "1211/155549", "correlationVector":"SnPshN8cpezLjqKlxQDXvC.198","action":"GetUpdates", "result":"DeleteReceived", "context":{"id":"5e74f5a0-f7f5-4427-8d49-a4a1c32b9794", "isDeleted:":"true", "version":"1733606133984"}}
{"logTime": "1211/155549", "correlationVector":"SnPshN8cpezLjqKlxQDXvC.199","action":"GetUpdates", "result":"DeleteReceived", "context":{"id":"bf8a41c4-a0b9-4d15-8d9c-5ad7ef8a61f4", "isDeleted:":"true", "version":"1733606133985"}}
{"logTime": "1211/155549", "correlationVector":"SnPshN8cpezLjqKlxQDXvC.200","action":"GetUpdates", "result":"DeleteReceived", "context":{"id":"6bf25375-b2c1-4193-8223-b92997e7a019", "isDeleted:":"true", "version":"1733608481280"}}
{"logTime": "1211/155549", "correlationVector":"SnPshN8cpezLjqKlxQDXvC.201","action":"GetUpdates", "result":"DeleteReceived", "context":{"id":"61f6dea8-0082-4efd-b4b1-2e1a575cc9b9", "isDeleted:":"true", "version":"1733609275615"}}
{"logTime": "1211/155549", "correlationVector":"SnPshN8cpezLjqKlxQDXvC.202","action":"GetUpdates", "result":"DeleteReceived", "context":{"id":"d22df90c-3ed4-49ff-b3fe-1a8fb31fe7e5", "isDeleted:":"true", "version":"1733609879928"}}
{"logTime": "1211/155549", "correlationVector":"SnPshN8cpezLjqKlxQDXvC.203","action":"GetUpdates", "result":"DeleteReceived", "context":{"id":"5aea0b58-a812-40bf-bfbe-22afd28849c2", "isDeleted:":"true", "version":"1733611702253"}}
{"logTime": "1211/155549", "correlationVector":"SnPshN8cpezLjqKlxQDXvC.204","action":"GetUpdates", "result":"DeleteReceived", "context":{"id":"dee1251c-3776-499d-995d-4c2584027e1f", "isDeleted:":"true", "version":"1733611744845"}}
{"logTime": "1211/155549", "correlationVector":"SnPshN8cpezLjqKlxQDXvC.205","action":"GetUpdates", "result":"DeleteReceived", "context":{"id":"ec4b574c-0af5-4d28-843b-a9f3fde721d0", "isDeleted:":"true", "version":"1733611835374"}}
{"logTime": "1211/155549", "correlationVector":"SnPshN8cpezLjqKlxQDXvC.206","action":"GetUpdates", "result":"DeleteReceived", "context":{"id":"4857a300-5ccd-421f-b25c-b56c3211f490", "isDeleted:":"true", "version":"1733612282876"}}
{"logTime": "1211/155549", "correlationVector":"SnPshN8cpezLjqKlxQDXvC.207","action":"GetUpdates", "result":"DeleteReceived", "context":{"id":"e0fa7748-8001-44c0-9f7d-485ee51195dd", "isDeleted:":"true", "version":"1733613896531"}}
{"logTime": "1211/155549", "correlationVector":"SnPshN8cpezLjqKlxQDXvC.208","action":"GetUpdates", "result":"DeleteReceived", "context":{"id":"c8c8e8b5-b570-4e0d-a3d0-70d68bcd3260", "isDeleted:":"true", "version":"1733616448890"}}
{"logTime": "1211/155549", "correlationVector":"SnPshN8cpezLjqKlxQDXvC.209","action":"GetUpdates", "result":"DeleteReceived", "context":{"id":"ddf85f28-5736-4832-90a6-8acf1fa02676", "isDeleted:":"true", "version":"1733616701775"}}
{"logTime": "1211/155549", "correlationVector":"SnPshN8cpezLjqKlxQDXvC.210","action":"GetUpdates", "result":"DeleteReceived", "context":{"id":"2c0b8838-1968-42f2-9ef9-5aacaad3c2c3", "isDeleted:":"true", "version":"1733616701777"}}
{"logTime": "1211/155549", "correlationVector":"SnPshN8cpezLjqKlxQDXvC.211","action":"GetUpdates", "result":"DeleteReceived", "context":{"id":"d46b767d-026b-4e91-bd18-92cc84575685", "isDeleted:":"true", "version":"1733617388432"}}
{"logTime": "1211/155549", "correlationVector":"SnPshN8cpezLjqKlxQDXvC.212","action":"GetUpdates", "result":"DeleteReceived", "context":{"id":"61a93a16-d51e-4e89-959c-bb6158c5d951", "isDeleted:":"true", "version":"1733617388433"}}
{"logTime": "1211/155549", "correlationVector":"SnPshN8cpezLjqKlxQDXvC.213","action":"GetUpdates", "result":"DeleteReceived", "context":{"id":"5af5b75e-d177-4470-ab61-a2ebc9539028", "isDeleted:":"true", "version":"1733617388435"}}
{"logTime": "1211/155549", "correlationVector":"SnPshN8cpezLjqKlxQDXvC.214","action":"GetUpdates", "result":"DeleteReceived", "context":{"id":"ad762909-fad8-4534-a586-18f58b68511b", "isDeleted:":"true", "version":"1733617388436"}}
{"logTime": "1211/155549", "correlationVector":"SnPshN8cpezLjqKlxQDXvC.215","action":"GetUpdates", "result":"DeleteReceived", "context":{"id":"ac7247d1-3a82-43fd-ba0b-c5b4c6ef49eb", "isDeleted:":"true", "version":"1733618553150"}}
{"logTime": "1211/155549", "correlationVector":"SnPshN8cpezLjqKlxQDXvC.216","action":"GetUpdates", "result":"DeleteReceived", "context":{"id":"d2cf109e-d54e-4bc0-9f28-5e4adca8f4d3", "isDeleted:":"true", "version":"1733618553152"}}
{"logTime": "1211/155549", "correlationVector":"SnPshN8cpezLjqKlxQDXvC.217","action":"GetUpdates", "result":"DeleteReceived", "context":{"id":"da0967c0-6869-45c6-9128-89484cfa5b56", "isDeleted:":"true", "version":"1733378386952"}}
{"logTime": "1211/155549", "correlationVector":"SnPshN8cpezLjqKlxQDXvC.218","action":"GetUpdates", "result":"DeleteReceived", "context":{"id":"f6824fa6-d4fe-4848-8271-ba39e04a185f", "isDeleted:":"true", "version":"1733378386953"}}
{"logTime": "1211/155549", "correlationVector":"SnPshN8cpezLjqKlxQDXvC.219","action":"GetUpdates", "result":"DeleteReceived", "context":{"id":"b16291e5-102f-4a8b-acd7-e7e2124a32bb", "isDeleted:":"true", "version":"1733378386954"}}
{"logTime": "1211/155549", "correlationVector":"SnPshN8cpezLjqKlxQDXvC.220","action":"GetUpdates", "result":"DeleteReceived", "context":{"id":"1acb6042-54eb-40f9-b15a-deb7cc961071", "isDeleted:":"true", "version":"1733378386955"}}
{"logTime": "1211/155549", "correlationVector":"SnPshN8cpezLjqKlxQDXvC.221","action":"GetUpdates", "result":"DeleteReceived", "context":{"id":"c71a0968-a3a2-4199-8911-2c6e03411724", "isDeleted:":"true", "version":"1733505775165"}}
{"logTime": "1211/155549", "correlationVector":"SnPshN8cpezLjqKlxQDXvC.222","action":"GetUpdates", "result":"DeleteReceived", "context":{"id":"7e8b998a-0efe-4280-adc4-adca2c0ba2b8", "isDeleted:":"true", "version":"1733505775166"}}
{"logTime": "1211/155549", "correlationVector":"SnPshN8cpezLjqKlxQDXvC.223","action":"GetUpdates", "result":"DeleteReceived", "context":{"id":"9cef7719-9e34-4187-866c-9bf8184c8c5d", "isDeleted:":"true", "version":"1733505775167"}}
{"logTime": "1211/155549", "correlationVector":"SnPshN8cpezLjqKlxQDXvC.224","action":"GetUpdates", "result":"DeleteReceived", "context":{"id":"5e967bdf-71a0-45d7-b421-4c006d9a4029", "isDeleted:":"true", "version":"1733505775168"}}
{"logTime": "1211/155549", "correlationVector":"SnPshN8cpezLjqKlxQDXvC.225","action":"GetUpdates Response", "result":"Success", "context":Received 250 update(s). cV=SnPshN8cpezLjqKlxQDXvC.0;server=akswtt003000024;cloudType=Consumer;environment=Prod_eastasia_prod-s01-034-apac-eastasia;migrationStage=NotStarted Some updates remain.}
{"logTime": "1211/155549", "correlationVector":"pnMvB+IRU0waljKw09KYhy","action":"Initial GetUpdates", "result":"", "context":Reason: NEWLY_SUPPORTED_DATATYPE. cV=pnMvB+IRU0waljKw09KYhy}
{"logTime": "1211/155550", "correlationVector":"pnMvB+IRU0waljKw09KYhy.1","action":"SyncServerConnectionManagerRequest", "result":"SYNC_SERVER_OK", "context":{"environment":"Prod_eastasia_prod-s01-034-apac-eastasia", "migrationStage":"NotStarted", "server":"akswtt00300001r"}}
{"logTime": "1211/155550", "correlationVector":"pnMvB+IRU0waljKw09KYhy.2","action":"GetUpdates", "result":"DeleteReceived", "context":{"id":"d7b62fcf-5aaa-47d2-92e4-f26f2918b159", "isDeleted:":"true", "version":"1733618553153"}}
{"logTime": "1211/155550", "correlationVector":"pnMvB+IRU0waljKw09KYhy.3","action":"GetUpdates", "result":"DeleteReceived", "context":{"id":"3b06de86-5700-4156-8664-aefd811bde9c", "isDeleted:":"true", "version":"1733619347596"}}
{"logTime": "1211/155550", "correlationVector":"pnMvB+IRU0waljKw09KYhy.4","action":"GetUpdates", "result":"DeleteReceived", "context":{"id":"0ede9d86-16d4-45d8-8a3e-6ed1757f3b1f", "isDeleted:":"true", "version":"1733619347597"}}
{"logTime": "1211/155550", "correlationVector":"pnMvB+IRU0waljKw09KYhy.5","action":"GetUpdates", "result":"DeleteReceived", "context":{"id":"84c2ce8a-b119-48e9-b844-7952961a317f", "isDeleted:":"true", "version":"1733619347598"}}
{"logTime": "1211/155550", "correlationVector":"pnMvB+IRU0waljKw09KYhy.6","action":"GetUpdates", "result":"DeleteReceived", "context":{"id":"bfeca2d8-3dab-45d7-876c-ddb51624e3c8", "isDeleted:":"true", "version":"1733619347599"}}
{"logTime": "1211/155550", "correlationVector":"pnMvB+IRU0waljKw09KYhy.7","action":"GetUpdates", "result":"DeleteReceived", "context":{"id":"3e74b907-e8d6-4627-8ddd-a7149798c678", "isDeleted:":"true", "version":"1733619347600"}}
{"logTime": "1211/155550", "correlationVector":"pnMvB+IRU0waljKw09KYhy.8","action":"GetUpdates", "result":"DeleteReceived", "context":{"id":"fdbdaa91-dc26-4730-bf35-64446ba64c23", "isDeleted:":"true", "version":"1733619347601"}}
{"logTime": "1211/155550", "correlationVector":"pnMvB+IRU0waljKw09KYhy.9","action":"GetUpdates", "result":"DeleteReceived", "context":{"id":"e6574b59-105d-4657-b860-78ff2c825cf0", "isDeleted:":"true", "version":"1733619347602"}}
{"logTime": "1211/155550", "correlationVector":"pnMvB+IRU0waljKw09KYhy.10","action":"GetUpdates", "result":"DeleteReceived", "context":{"id":"cbccfdd3-c27b-4793-bec4-ca445fafcd55", "isDeleted:":"true", "version":"1733621416624"}}
{"logTime": "1211/155550", "correlationVector":"pnMvB+IRU0waljKw09KYhy.11","action":"GetUpdates", "result":"DeleteReceived", "context":{"id":"843b008a-021f-46ba-a0c0-7986433fd22a", "isDeleted:":"true", "version":"1733621416625"}}
{"logTime": "1211/155550", "correlationVector":"pnMvB+IRU0waljKw09KYhy.12","action":"GetUpdates", "result":"DeleteReceived", "context":{"id":"00c9cb3d-8c9e-4f48-923c-d66b4f0728f0", "isDeleted:":"true", "version":"1733621762956"}}
{"logTime": "1211/155550", "correlationVector":"pnMvB+IRU0waljKw09KYhy.13","action":"GetUpdates", "result":"DeleteReceived", "context":{"id":"b09bb0cb-6578-49bc-a9b9-a0b8c79c4cc9", "isDeleted:":"true", "version":"1733621884287"}}
{"logTime": "1211/155550", "correlationVector":"pnMvB+IRU0waljKw09KYhy.14","action":"GetUpdates", "result":"DeleteReceived", "context":{"id":"7aabc435-c63c-4740-9be6-ba68e6c4556d", "isDeleted:":"true", "version":"1733621884288"}}
{"logTime": "1211/155550", "correlationVector":"pnMvB+IRU0waljKw09KYhy.15","action":"GetUpdates", "result":"DeleteReceived", "context":{"id":"f7fd6054-2c0b-49ae-9831-2890e64707a1", "isDeleted:":"true", "version":"1733627172665"}}
{"logTime": "1211/155550", "correlationVector":"pnMvB+IRU0waljKw09KYhy.16","action":"GetUpdates", "result":"DeleteReceived", "context":{"id":"9118b5ce-090e-47db-a77e-ee5204ce6087", "isDeleted:":"true", "version":"1733627172666"}}
{"logTime": "1211/155550", "correlationVector":"pnMvB+IRU0waljKw09KYhy.17","action":"GetUpdates", "result":"DeleteReceived", "context":{"id":"a9f71257-b1ba-4340-abe2-56c88652ca3d", "isDeleted:":"true", "version":"1733627172667"}}
{"logTime": "1211/155550", "correlationVector":"pnMvB+IRU0waljKw09KYhy.18","action":"GetUpdates", "result":"DeleteReceived", "context":{"id":"79b18cb3-307e-4f49-8a55-5b5ea230fbe8", "isDeleted:":"true", "version":"1733627172668"}}
{"logTime": "1211/155550", "correlationVector":"pnMvB+IRU0waljKw09KYhy.19","action":"GetUpdates", "result":"DeleteReceived", "context":{"id":"66347d83-c87d-4d77-9928-0050cfc05bc4", "isDeleted:":"true", "version":"1733627172669"}}
{"logTime": "1211/155550", "correlationVector":"pnMvB+IRU0waljKw09KYhy.20","action":"GetUpdates", "result":"DeleteReceived", "context":{"id":"129d2255-9ab2-4d4e-b9f6-8f362b2bc577", "isDeleted:":"true", "version":"1733627172670"}}
{"logTime": "1211/155550", "correlationVector":"pnMvB+IRU0waljKw09KYhy.21","action":"GetUpdates", "result":"DeleteReceived", "context":{"id":"29ffb082-2906-4bca-89ad-72b1bf6c453f", "isDeleted:":"true", "version":"1733627172671"}}
{"logTime": "1211/155550", "correlationVector":"pnMvB+IRU0waljKw09KYhy.22","action":"GetUpdates", "result":"DeleteReceived", "context":{"id":"83d439b9-991a-495b-8339-d9c5226596bd", "isDeleted:":"true", "version":"1733627172672"}}
{"logTime": "1211/155550", "correlationVector":"pnMvB+IRU0waljKw09KYhy.23","action":"GetUpdates", "result":"DeleteReceived", "context":{"id":"61694059-d186-46ab-857c-1b30c0c7a8d5", "isDeleted:":"true", "version":"1733629542862"}}
{"logTime": "1211/155550", "correlationVector":"pnMvB+IRU0waljKw09KYhy.24","action":"GetUpdates", "result":"DeleteReceived", "context":{"id":"6e87c9a3-974f-4e26-9a89-8f1d3b71f550", "isDeleted:":"true", "version":"1733629542863"}}
{"logTime": "1211/155550", "correlationVector":"pnMvB+IRU0waljKw09KYhy.25","action":"GetUpdates", "result":"DeleteReceived", "context":{"id":"aa355947-d137-4bb7-8f43-ed468aaa02a1", "isDeleted:":"true", "version":"1733629566316"}}
{"logTime": "1211/155550", "correlationVector":"pnMvB+IRU0waljKw09KYhy.26","action":"GetUpdates", "result":"DeleteReceived", "context":{"id":"1a4ff4e0-aabd-4a97-8a47-a27951cb0b0c", "isDeleted:":"true", "version":"1733630021451"}}
{"logTime": "1211/155550", "correlationVector":"pnMvB+IRU0waljKw09KYhy.27","action":"GetUpdates", "result":"DeleteReceived", "context":{"id":"31c51450-6d75-49ca-885e-c6aaf1f9a9bd", "isDeleted:":"true", "version":"1733630350010"}}
{"logTime": "1211/155550", "correlationVector":"pnMvB+IRU0waljKw09KYhy.28","action":"GetUpdates", "result":"DeleteReceived", "context":{"id":"fef40058-3b14-4585-ab94-5bcb500abbd8", "isDeleted:":"true", "version":"1733630350012"}}
{"logTime": "1211/155550", "correlationVector":"pnMvB+IRU0waljKw09KYhy.29","action":"GetUpdates", "result":"DeleteReceived", "context":{"id":"dc1d8783-b455-4ffe-9d23-5c62b4f482f1", "isDeleted:":"true", "version":"1733632473221"}}
{"logTime": "1211/155550", "correlationVector":"pnMvB+IRU0waljKw09KYhy.30","action":"GetUpdates", "result":"DeleteReceived", "context":{"id":"d4ccb579-564a-459c-b984-015f538aa5d6", "isDeleted:":"true", "version":"1733632473222"}}
{"logTime": "1211/155550", "correlationVector":"pnMvB+IRU0waljKw09KYhy.31","action":"GetUpdates", "result":"DeleteReceived", "context":{"id":"af83ae09-98ed-43c7-8bae-21a7a1fb8a5a", "isDeleted:":"true", "version":"1733639795251"}}
{"logTime": "1211/155550", "correlationVector":"pnMvB+IRU0waljKw09KYhy.32","action":"GetUpdates", "result":"DeleteReceived", "context":{"id":"4ce358cd-05bb-45a4-92cf-56b72f22e934", "isDeleted:":"true", "version":"1733640148431"}}
{"logTime": "1211/155550", "correlationVector":"pnMvB+IRU0waljKw09KYhy.33","action":"GetUpdates", "result":"DeleteReceived", "context":{"id":"611e6b1d-6b3b-4697-9344-86c7f74f3ce7", "isDeleted:":"true", "version":"1733640705534"}}
{"logTime": "1211/155550", "correlationVector":"pnMvB+IRU0waljKw09KYhy.34","action":"GetUpdates", "result":"DeleteReceived", "context":{"id":"a752aaee-cf77-4fcf-b7c8-e7f9390db5bf", "isDeleted:":"true", "version":"1733640705535"}}
{"logTime": "1211/155550", "correlationVector":"pnMvB+IRU0waljKw09KYhy.35","action":"GetUpdates", "result":"DeleteReceived", "context":{"id":"5349c889-c248-474f-aabe-66dda2b963c1", "isDeleted:":"true", "version":"1733640832226"}}
{"logTime": "1211/155550", "correlationVector":"pnMvB+IRU0waljKw09KYhy.36","action":"GetUpdates", "result":"DeleteReceived", "context":{"id":"c736c637-68aa-443f-b710-48d52f3d1c0d", "isDeleted:":"true", "version":"1733640834133"}}
{"logTime": "1211/155550", "correlationVector":"pnMvB+IRU0waljKw09KYhy.37","action":"GetUpdates", "result":"DeleteReceived", "context":{"id":"aa3741b4-0cd0-4170-b89b-27372ee0bfc8", "isDeleted:":"true", "version":"1733644897601"}}
{"logTime": "1211/155550", "correlationVector":"pnMvB+IRU0waljKw09KYhy.38","action":"GetUpdates", "result":"DeleteReceived", "context":{"id":"a488bc27-32e4-4000-bfc5-d6e209e26c23", "isDeleted:":"true", "version":"1733644897602"}}
{"logTime": "1211/155550", "correlationVector":"pnMvB+IRU0waljKw09KYhy.39","action":"GetUpdates", "result":"DeleteReceived", "context":{"id":"e9c49be4-c097-46f5-bcf6-22ab9813d415", "isDeleted:":"true", "version":"1733644897603"}}
{"logTime": "1211/155550", "correlationVector":"pnMvB+IRU0waljKw09KYhy.40","action":"GetUpdates", "result":"DeleteReceived", "context":{"id":"579a5f86-0216-4e1b-af9a-4415ce283304", "isDeleted:":"true", "version":"1733644897604"}}
{"logTime": "1211/155550", "correlationVector":"pnMvB+IRU0waljKw09KYhy.41","action":"GetUpdates", "result":"DeleteReceived", "context":{"id":"8cd389f0-afa0-494e-9362-7e688341cd47", "isDeleted:":"true", "version":"1733645847000"}}
{"logTime": "1211/155550", "correlationVector":"pnMvB+IRU0waljKw09KYhy.42","action":"GetUpdates", "result":"DeleteReceived", "context":{"id":"d5161812-77b6-4bdd-9925-beb07d59fc3e", "isDeleted:":"true", "version":"1733645847003"}}
{"logTime": "1211/155550", "correlationVector":"pnMvB+IRU0waljKw09KYhy.43","action":"GetUpdates", "result":"DeleteReceived", "context":{"id":"1f1e0cab-fb66-4e48-ac68-8a9729d01efd", "isDeleted:":"true", "version":"1733645847004"}}
{"logTime": "1211/155550", "correlationVector":"pnMvB+IRU0waljKw09KYhy.44","action":"GetUpdates", "result":"DeleteReceived", "context":{"id":"51097e49-2d29-4ff3-98e3-e37e480acf24", "isDeleted:":"true", "version":"1733645847006"}}
{"logTime": "1211/155550", "correlationVector":"pnMvB+IRU0waljKw09KYhy.45","action":"GetUpdates", "result":"DeleteReceived", "context":{"id":"0acd0c33-124b-428c-8a72-21fe1fc21978", "isDeleted:":"true", "version":"1733645894044"}}
{"logTime": "1211/155550", "correlationVector":"pnMvB+IRU0waljKw09KYhy.46","action":"GetUpdates", "result":"DeleteReceived", "context":{"id":"572c2de0-0307-44f0-a6ff-99eea7bd73dc", "isDeleted:":"true", "version":"1733645894045"}}
{"logTime": "1211/155550", "correlationVector":"pnMvB+IRU0waljKw09KYhy.47","action":"GetUpdates", "result":"DeleteReceived", "context":{"id":"215a917c-bddb-4955-b031-1295f5ffec7d", "isDeleted:":"true", "version":"1733646094408"}}
{"logTime": "1211/155550", "correlationVector":"pnMvB+IRU0waljKw09KYhy.48","action":"GetUpdates", "result":"DeleteReceived", "context":{"id":"81d38b40-5511-4c87-a184-4134e18f381c", "isDeleted:":"true", "version":"1733646153243"}}
{"logTime": "1211/155550", "correlationVector":"pnMvB+IRU0waljKw09KYhy.49","action":"GetUpdates", "result":"DeleteReceived", "context":{"id":"b824a677-0bad-4bd8-8b6f-ac6fa3371cd7", "isDeleted:":"true", "version":"1733650865450"}}
{"logTime": "1211/155550", "correlationVector":"pnMvB+IRU0waljKw09KYhy.50","action":"GetUpdates", "result":"DeleteReceived", "context":{"id":"1fa8098b-17fb-47dd-8188-279cb0338585", "isDeleted:":"true", "version":"1733665254355"}}
{"logTime": "1211/155550", "correlationVector":"pnMvB+IRU0waljKw09KYhy.51","action":"GetUpdates", "result":"DeleteReceived", "context":{"id":"91dd536d-2c30-4274-a3ba-7ee5b00a02b0", "isDeleted:":"true", "version":"1733665254356"}}
{"logTime": "1211/155550", "correlationVector":"pnMvB+IRU0waljKw09KYhy.52","action":"GetUpdates", "result":"DeleteReceived", "context":{"id":"7edb9d07-fc84-4770-bf70-3c4927c08835", "isDeleted:":"true", "version":"1733665254357"}}
{"logTime": "1211/155550", "correlationVector":"pnMvB+IRU0waljKw09KYhy.53","action":"GetUpdates", "result":"DeleteReceived", "context":{"id":"10877076-46da-468a-be48-6b58e1083527", "isDeleted:":"true", "version":"1733665254358"}}
{"logTime": "1211/155550", "correlationVector":"pnMvB+IRU0waljKw09KYhy.54","action":"GetUpdates", "result":"DeleteReceived", "context":{"id":"d6e134db-22fd-46a2-a782-2e4ed43f3b81", "isDeleted:":"true", "version":"1733665254359"}}
{"logTime": "1211/155550", "correlationVector":"pnMvB+IRU0waljKw09KYhy.55","action":"GetUpdates", "result":"DeleteReceived", "context":{"id":"12dbcbce-4a90-48e3-95a5-6272e36bd65f", "isDeleted:":"true", "version":"1733665254360"}}
{"logTime": "1211/155550", "correlationVector":"pnMvB+IRU0waljKw09KYhy.56","action":"GetUpdates", "result":"DeleteReceived", "context":{"id":"4407a4a1-3a89-4bc5-afc0-60f8759a285d", "isDeleted:":"true", "version":"1733665254361"}}
{"logTime": "1211/155550", "correlationVector":"pnMvB+IRU0waljKw09KYhy.57","action":"GetUpdates", "result":"DeleteReceived", "context":{"id":"7b9cca83-0672-40d9-a18a-942ea94f1469", "isDeleted:":"true", "version":"1733666852516"}}
{"logTime": "1211/155550", "correlationVector":"pnMvB+IRU0waljKw09KYhy.58","action":"GetUpdates", "result":"DeleteReceived", "context":{"id":"27b9ce09-50e9-47ad-af24-d6c4ed79a393", "isDeleted:":"true", "version":"1733669429180"}}
{"logTime": "1211/155550", "correlationVector":"pnMvB+IRU0waljKw09KYhy.59","action":"GetUpdates", "result":"DeleteReceived", "context":{"id":"37289905-f4c2-46eb-a594-74c79cdbc018", "isDeleted:":"true", "version":"1733669956915"}}
{"logTime": "1211/155550", "correlationVector":"pnMvB+IRU0waljKw09KYhy.60","action":"GetUpdates", "result":"DeleteReceived", "context":{"id":"c0c9edb9-7188-4af2-8753-aeee11230719", "isDeleted:":"true", "version":"1733675749421"}}
{"logTime": "1211/155550", "correlationVector":"pnMvB+IRU0waljKw09KYhy.61","action":"GetUpdates", "result":"DeleteReceived", "context":{"id":"f9441fa4-174a-4bd1-b370-c72775d04380", "isDeleted:":"true", "version":"1733676206454"}}
{"logTime": "1211/155550", "correlationVector":"pnMvB+IRU0waljKw09KYhy.62","action":"GetUpdates", "result":"DeleteReceived", "context":{"id":"0d66de3a-1d58-404b-9aee-95d3f7aab7e0", "isDeleted:":"true", "version":"1733676942093"}}
{"logTime": "1211/155550", "correlationVector":"pnMvB+IRU0waljKw09KYhy.63","action":"GetUpdates", "result":"DeleteReceived", "context":{"id":"dc3dd569-748f-4cd7-9e5e-0d2a344825cc", "isDeleted:":"true", "version":"1733676942094"}}
{"logTime": "1211/155550", "correlationVector":"pnMvB+IRU0waljKw09KYhy.64","action":"GetUpdates", "result":"DeleteReceived", "context":{"id":"a126b112-5f0f-49b4-b532-cc5e411744b1", "isDeleted:":"true", "version":"1733682380482"}}
{"logTime": "1211/155550", "correlationVector":"pnMvB+IRU0waljKw09KYhy.65","action":"GetUpdates", "result":"DeleteReceived", "context":{"id":"76f7bb6e-baaf-4ac7-9fd7-febbdf4cc118", "isDeleted:":"true", "version":"1733682380483"}}
{"logTime": "1211/155550", "correlationVector":"pnMvB+IRU0waljKw09KYhy.66","action":"GetUpdates", "result":"DeleteReceived", "context":{"id":"c1e8f4b3-d590-4633-a401-6b83a2baad7d", "isDeleted:":"true", "version":"1733684057012"}}
{"logTime": "1211/155550", "correlationVector":"pnMvB+IRU0waljKw09KYhy.67","action":"GetUpdates", "result":"DeleteReceived", "context":{"id":"452a2e5d-4588-48c3-8526-317f1915fdc9", "isDeleted:":"true", "version":"1733705274011"}}
{"logTime": "1211/155550", "correlationVector":"pnMvB+IRU0waljKw09KYhy.68","action":"GetUpdates", "result":"DeleteReceived", "context":{"id":"c1777e58-8065-418c-8929-5488cb70d095", "isDeleted:":"true", "version":"1733705274483"}}
{"logTime": "1211/155550", "correlationVector":"pnMvB+IRU0waljKw09KYhy.69","action":"GetUpdates", "result":"DeleteReceived", "context":{"id":"7f53309d-8bcd-43cf-b393-9c7a79582c5e", "isDeleted:":"true", "version":"1733705300301"}}
{"logTime": "1211/155550", "correlationVector":"pnMvB+IRU0waljKw09KYhy.70","action":"GetUpdates", "result":"DeleteReceived", "context":{"id":"e5ae2dd1-22eb-462d-a645-cb8809577d24", "isDeleted:":"true", "version":"1733706657939"}}
{"logTime": "1211/155550", "correlationVector":"pnMvB+IRU0waljKw09KYhy.71","action":"GetUpdates", "result":"DeleteReceived", "context":{"id":"b4eee577-12cd-4a88-8843-7dec3605b056", "isDeleted:":"true", "version":"1733706657941"}}
{"logTime": "1211/155550", "correlationVector":"pnMvB+IRU0waljKw09KYhy.72","action":"GetUpdates", "result":"DeleteReceived", "context":{"id":"674c4fb3-97e0-4926-bc70-dc690357049c", "isDeleted:":"true", "version":"1733706657942"}}
{"logTime": "1211/155550", "correlationVector":"pnMvB+IRU0waljKw09KYhy.73","action":"GetUpdates", "result":"DeleteReceived", "context":{"id":"add29ce4-3e88-460a-a1a2-92e19d32a948", "isDeleted:":"true", "version":"1733709244175"}}
{"logTime": "1211/155550", "correlationVector":"pnMvB+IRU0waljKw09KYhy.74","action":"GetUpdates", "result":"DeleteReceived", "context":{"id":"80ef8c10-0956-48c6-b177-bd5ae3a46588", "isDeleted:":"true", "version":"1733715084204"}}
{"logTime": "1211/155550", "correlationVector":"pnMvB+IRU0waljKw09KYhy.75","action":"GetUpdates", "result":"DeleteReceived", "context":{"id":"545a079b-c70b-4330-a6bb-edf5bcb12d10", "isDeleted:":"true", "version":"1733715791417"}}
{"logTime": "1211/155550", "correlationVector":"pnMvB+IRU0waljKw09KYhy.76","action":"GetUpdates", "result":"DeleteReceived", "context":{"id":"15fb9d56-8ce7-4032-bb29-5e51f77fa273", "isDeleted:":"true", "version":"1733716405177"}}
{"logTime": "1211/155550", "correlationVector":"pnMvB+IRU0waljKw09KYhy.77","action":"GetUpdates", "result":"DeleteReceived", "context":{"id":"9bb8ca8d-1375-4cef-8990-ecbd02ec6339", "isDeleted:":"true", "version":"1733716831108"}}
{"logTime": "1211/155550", "correlationVector":"pnMvB+IRU0waljKw09KYhy.78","action":"GetUpdates", "result":"DeleteReceived", "context":{"id":"4a1fba23-ea42-44f7-b615-9b67ddf9d5fa", "isDeleted:":"true", "version":"1733716831109"}}
{"logTime": "1211/155550", "correlationVector":"pnMvB+IRU0waljKw09KYhy.79","action":"GetUpdates", "result":"DeleteReceived", "context":{"id":"6654f7d3-0f68-4653-9572-bc83d8e16648", "isDeleted:":"true", "version":"1733716831110"}}
{"logTime": "1211/155550", "correlationVector":"pnMvB+IRU0waljKw09KYhy.80","action":"GetUpdates", "result":"DeleteReceived", "context":{"id":"2e5289a5-2520-4b31-90cc-c670b7c8ebe7", "isDeleted:":"true", "version":"1733716831111"}}
{"logTime": "1211/155550", "correlationVector":"pnMvB+IRU0waljKw09KYhy.81","action":"GetUpdates", "result":"DeleteReceived", "context":{"id":"09ff743e-791b-4ff8-859e-67dad359f223", "isDeleted:":"true", "version":"1733716831112"}}
{"logTime": "1211/155550", "correlationVector":"pnMvB+IRU0waljKw09KYhy.82","action":"GetUpdates", "result":"DeleteReceived", "context":{"id":"a2e8ba24-4d87-47aa-b8ad-cae8ac7579db", "isDeleted:":"true", "version":"1733716831113"}}
{"logTime": "1211/155550", "correlationVector":"pnMvB+IRU0waljKw09KYhy.83","action":"GetUpdates", "result":"DeleteReceived", "context":{"id":"46515982-91b8-44b5-8894-580bb3645b99", "isDeleted:":"true", "version":"1733716831114"}}
{"logTime": "1211/155550", "correlationVector":"pnMvB+IRU0waljKw09KYhy.84","action":"GetUpdates", "result":"DeleteReceived", "context":{"id":"1102d79c-139e-4eb5-ae4f-b203ab4c950f", "isDeleted:":"true", "version":"1733717081088"}}
{"logTime": "1211/155550", "correlationVector":"pnMvB+IRU0waljKw09KYhy.85","action":"GetUpdates", "result":"DeleteReceived", "context":{"id":"5e0fee20-9091-4500-a52e-93b98fd67755", "isDeleted:":"true", "version":"1733717081089"}}
{"logTime": "1211/155550", "correlationVector":"pnMvB+IRU0waljKw09KYhy.86","action":"GetUpdates", "result":"DeleteReceived", "context":{"id":"1ad2ec3e-b701-4e75-a5a1-e0a3dd830fbe", "isDeleted:":"true", "version":"1733717081091"}}
{"logTime": "1211/155550", "correlationVector":"pnMvB+IRU0waljKw09KYhy.87","action":"GetUpdates", "result":"DeleteReceived", "context":{"id":"4f78d7f8-3575-46a6-861d-5f2c3f78d209", "isDeleted:":"true", "version":"1733731848385"}}
{"logTime": "1211/155550", "correlationVector":"pnMvB+IRU0waljKw09KYhy.88","action":"GetUpdates", "result":"DeleteReceived", "context":{"id":"2059e1e3-fcf1-41dd-b7be-6452094f2756", "isDeleted:":"true", "version":"1733734000351"}}
{"logTime": "1211/155550", "correlationVector":"pnMvB+IRU0waljKw09KYhy.89","action":"GetUpdates", "result":"DeleteReceived", "context":{"id":"8e0e06c3-e760-4f55-b712-351a0d38ce54", "isDeleted:":"true", "version":"1733734000353"}}
{"logTime": "1211/155550", "correlationVector":"pnMvB+IRU0waljKw09KYhy.90","action":"GetUpdates", "result":"DeleteReceived", "context":{"id":"35acdd59-fe07-45fe-a5c8-e05f09f9f613", "isDeleted:":"true", "version":"1733738641095"}}
{"logTime": "1211/155550", "correlationVector":"pnMvB+IRU0waljKw09KYhy.91","action":"GetUpdates", "result":"DeleteReceived", "context":{"id":"f94d4ce4-d486-4a94-9a17-1b3118c17b68", "isDeleted:":"true", "version":"1733739055191"}}
{"logTime": "1211/155550", "correlationVector":"pnMvB+IRU0waljKw09KYhy.92","action":"GetUpdates", "result":"DeleteReceived", "context":{"id":"fba8bb5b-a95a-444d-8805-fb1ff5db3d27", "isDeleted:":"true", "version":"1733741284420"}}
{"logTime": "1211/155550", "correlationVector":"pnMvB+IRU0waljKw09KYhy.93","action":"GetUpdates", "result":"DeleteReceived", "context":{"id":"8152f8ba-264c-4eda-87fe-c2db66209987", "isDeleted:":"true", "version":"1733741284422"}}
{"logTime": "1211/155550", "correlationVector":"pnMvB+IRU0waljKw09KYhy.94","action":"GetUpdates", "result":"DeleteReceived", "context":{"id":"5a7720d8-3c66-431e-9ca7-87ec3d0f5f67", "isDeleted:":"true", "version":"1733749071780"}}
{"logTime": "1211/155550", "correlationVector":"pnMvB+IRU0waljKw09KYhy.95","action":"GetUpdates", "result":"DeleteReceived", "context":{"id":"67a44754-822f-4487-90a6-0497c717b412", "isDeleted:":"true", "version":"1733749071782"}}
{"logTime": "1211/155550", "correlationVector":"pnMvB+IRU0waljKw09KYhy.96","action":"GetUpdates", "result":"DeleteReceived", "context":{"id":"79e6fe1b-c090-441e-a3c5-9a2d5bdd6d9f", "isDeleted:":"true", "version":"1733749432809"}}
{"logTime": "1211/155550", "correlationVector":"pnMvB+IRU0waljKw09KYhy.97","action":"GetUpdates", "result":"DeleteReceived", "context":{"id":"04b49712-f14f-4b91-acec-58c78e4a96e4", "isDeleted:":"true", "version":"1733750592693"}}
{"logTime": "1211/155550", "correlationVector":"pnMvB+IRU0waljKw09KYhy.98","action":"GetUpdates", "result":"DeleteReceived", "context":{"id":"761f1352-3742-4196-9208-a783445b2ca4", "isDeleted:":"true", "version":"1733754503493"}}
{"logTime": "1211/155550", "correlationVector":"pnMvB+IRU0waljKw09KYhy.99","action":"GetUpdates", "result":"DeleteReceived", "context":{"id":"a57387a2-29e0-4033-9505-cfb98950e201", "isDeleted:":"true", "version":"1733754503494"}}
{"logTime": "1211/155550", "correlationVector":"pnMvB+IRU0waljKw09KYhy.100","action":"GetUpdates", "result":"DeleteReceived", "context":{"id":"35ebe2c9-a41a-4d1e-bc59-86945548366f", "isDeleted:":"true", "version":"1733754503495"}}
{"logTime": "1211/155550", "correlationVector":"pnMvB+IRU0waljKw09KYhy.101","action":"GetUpdates", "result":"DeleteReceived", "context":{"id":"1856c4de-9e8a-4afb-96a1-a7d847644f5c", "isDeleted:":"true", "version":"1733754572957"}}
{"logTime": "1211/155550", "correlationVector":"pnMvB+IRU0waljKw09KYhy.102","action":"GetUpdates", "result":"DeleteReceived", "context":{"id":"6220cad5-689e-4329-8d9a-c14840d79cec", "isDeleted:":"true", "version":"1733755153280"}}
{"logTime": "1211/155550", "correlationVector":"pnMvB+IRU0waljKw09KYhy.103","action":"GetUpdates", "result":"DeleteReceived", "context":{"id":"1f7df216-eaf8-45f8-87e9-38dac14fa517", "isDeleted:":"true", "version":"1733755930488"}}
{"logTime": "1211/155550", "correlationVector":"pnMvB+IRU0waljKw09KYhy.104","action":"GetUpdates", "result":"DeleteReceived", "context":{"id":"1c878a78-b54b-484f-9b68-d90fa839f5eb", "isDeleted:":"true", "version":"1733756516358"}}
{"logTime": "1211/155550", "correlationVector":"pnMvB+IRU0waljKw09KYhy.105","action":"GetUpdates", "result":"DeleteReceived", "context":{"id":"036bbe86-a9fa-4749-8779-9711a22cb2d2", "isDeleted:":"true", "version":"1733761329445"}}
{"logTime": "1211/155550", "correlationVector":"pnMvB+IRU0waljKw09KYhy.106","action":"GetUpdates", "result":"DeleteReceived", "context":{"id":"0b52bc2c-27a9-4821-bbf2-e791bbe32cd8", "isDeleted:":"true", "version":"1733762175323"}}
{"logTime": "1211/155550", "correlationVector":"pnMvB+IRU0waljKw09KYhy.107","action":"GetUpdates", "result":"DeleteReceived", "context":{"id":"a63ca929-d49e-4cd2-b219-41c69d47afdf", "isDeleted:":"true", "version":"1733796456262"}}
{"logTime": "1211/155550", "correlationVector":"pnMvB+IRU0waljKw09KYhy.108","action":"GetUpdates", "result":"DeleteReceived", "context":{"id":"1f1ad027-f9b4-43d1-bd34-b4b20de5d6ea", "isDeleted:":"true", "version":"1733796456264"}}
{"logTime": "1211/155550", "correlationVector":"pnMvB+IRU0waljKw09KYhy.109","action":"GetUpdates", "result":"DeleteReceived", "context":{"id":"4a0e2cd0-fde6-4c7e-bdc1-fcf2400251c3", "isDeleted:":"true", "version":"1733796907601"}}
{"logTime": "1211/155550", "correlationVector":"pnMvB+IRU0waljKw09KYhy.110","action":"GetUpdates", "result":"DeleteReceived", "context":{"id":"23d2ba0a-12ab-4178-b036-212e0a6d4100", "isDeleted:":"true", "version":"1733796907603"}}
{"logTime": "1211/155550", "correlationVector":"pnMvB+IRU0waljKw09KYhy.111","action":"GetUpdates", "result":"DeleteReceived", "context":{"id":"fabd665d-175d-4149-b194-507c93c59faa", "isDeleted:":"true", "version":"1733796907604"}}
{"logTime": "1211/155550", "correlationVector":"pnMvB+IRU0waljKw09KYhy.112","action":"GetUpdates", "result":"DeleteReceived", "context":{"id":"af57f940-5e72-4fb0-9ab7-c040774c70ed", "isDeleted:":"true", "version":"1733796907605"}}
{"logTime": "1211/155550", "correlationVector":"pnMvB+IRU0waljKw09KYhy.113","action":"GetUpdates", "result":"DeleteReceived", "context":{"id":"dbad1502-d0c2-49cc-9c1d-c910e8238684", "isDeleted:":"true", "version":"1733799055280"}}
{"logTime": "1211/155550", "correlationVector":"pnMvB+IRU0waljKw09KYhy.114","action":"GetUpdates", "result":"DeleteReceived", "context":{"id":"ee2c3094-a0ba-465b-b4c9-0c5408017bc3", "isDeleted:":"true", "version":"1733799055281"}}
{"logTime": "1211/155550", "correlationVector":"pnMvB+IRU0waljKw09KYhy.115","action":"GetUpdates", "result":"DeleteReceived", "context":{"id":"ded9dcaf-dd15-46c0-abfa-941954910d5b", "isDeleted:":"true", "version":"1733799055282"}}
{"logTime": "1211/155550", "correlationVector":"pnMvB+IRU0waljKw09KYhy.116","action":"GetUpdates", "result":"DeleteReceived", "context":{"id":"05a1caa0-d7f1-4d4a-b36e-70e743dd9dec", "isDeleted:":"true", "version":"1733799055283"}}
{"logTime": "1211/155550", "correlationVector":"pnMvB+IRU0waljKw09KYhy.117","action":"GetUpdates", "result":"DeleteReceived", "context":{"id":"f62f69e2-30da-404b-890b-8d512112be49", "isDeleted:":"true", "version":"1733799443927"}}
{"logTime": "1211/155550", "correlationVector":"pnMvB+IRU0waljKw09KYhy.118","action":"GetUpdates", "result":"DeleteReceived", "context":{"id":"20b45a06-b838-40f4-a94c-aa494fe01dba", "isDeleted:":"true", "version":"1733799702793"}}
{"logTime": "1211/155550", "correlationVector":"pnMvB+IRU0waljKw09KYhy.119","action":"GetUpdates", "result":"DeleteReceived", "context":{"id":"ed86ae50-e7bb-49f9-a3fc-32324d9ed171", "isDeleted:":"true", "version":"1733799911418"}}
{"logTime": "1211/155550", "correlationVector":"pnMvB+IRU0waljKw09KYhy.120","action":"GetUpdates", "result":"DeleteReceived", "context":{"id":"1c7e7a9c-a5ff-43f7-bc71-97810cd62d8b", "isDeleted:":"true", "version":"1733800298316"}}
{"logTime": "1211/155550", "correlationVector":"pnMvB+IRU0waljKw09KYhy.121","action":"GetUpdates", "result":"DeleteReceived", "context":{"id":"2ca48b99-546d-4f10-9762-2d5a1614e758", "isDeleted:":"true", "version":"1733801520463"}}
{"logTime": "1211/155550", "correlationVector":"pnMvB+IRU0waljKw09KYhy.122","action":"GetUpdates", "result":"DeleteReceived", "context":{"id":"1e2ab021-1c69-48a2-bc13-4fc2da508688", "isDeleted:":"true", "version":"1733801729662"}}
{"logTime": "1211/155550", "correlationVector":"pnMvB+IRU0waljKw09KYhy.123","action":"GetUpdates", "result":"DeleteReceived", "context":{"id":"7e9c4b82-915b-4df2-9e65-180b07d05434", "isDeleted:":"true", "version":"1733802238727"}}
{"logTime": "1211/155550", "correlationVector":"pnMvB+IRU0waljKw09KYhy.124","action":"GetUpdates", "result":"DeleteReceived", "context":{"id":"90666e0c-8563-4172-975d-db53c883d3d3", "isDeleted:":"true", "version":"1733802238728"}}
{"logTime": "1211/155550", "correlationVector":"pnMvB+IRU0waljKw09KYhy.125","action":"GetUpdates", "result":"DeleteReceived", "context":{"id":"c3d112ee-762b-43fa-8a5a-eb8ef266bfca", "isDeleted:":"true", "version":"1733802564341"}}
{"logTime": "1211/155550", "correlationVector":"pnMvB+IRU0waljKw09KYhy.126","action":"GetUpdates", "result":"DeleteReceived", "context":{"id":"59b5cf79-e614-4a63-86f6-43d3cab79c44", "isDeleted:":"true", "version":"1733802634747"}}
{"logTime": "1211/155550", "correlationVector":"pnMvB+IRU0waljKw09KYhy.127","action":"GetUpdates", "result":"DeleteReceived", "context":{"id":"86cd7458-f89d-40ab-8c5f-d8dfe199ad08", "isDeleted:":"true", "version":"1733802750852"}}
{"logTime": "1211/155550", "correlationVector":"pnMvB+IRU0waljKw09KYhy.128","action":"GetUpdates", "result":"DeleteReceived", "context":{"id":"cb3a9d00-45ce-426b-856a-1b6010c39628", "isDeleted:":"true", "version":"1733803597966"}}
{"logTime": "1211/155550", "correlationVector":"pnMvB+IRU0waljKw09KYhy.129","action":"GetUpdates", "result":"DeleteReceived", "context":{"id":"9cd2dc0f-25a0-42df-b120-56e5e9b30705", "isDeleted:":"true", "version":"1733803597967"}}
{"logTime": "1211/155550", "correlationVector":"pnMvB+IRU0waljKw09KYhy.130","action":"GetUpdates", "result":"DeleteReceived", "context":{"id":"ba7de8bc-84a9-4acc-aab7-881c0f7b7d24", "isDeleted:":"true", "version":"1733804999759"}}
{"logTime": "1211/155550", "correlationVector":"pnMvB+IRU0waljKw09KYhy.131","action":"GetUpdates", "result":"DeleteReceived", "context":{"id":"37f95249-e510-4c2b-82cc-56fe45443cc5", "isDeleted:":"true", "version":"1733804999760"}}
{"logTime": "1211/155550", "correlationVector":"pnMvB+IRU0waljKw09KYhy.132","action":"GetUpdates", "result":"DeleteReceived", "context":{"id":"77588fae-71cf-44b9-a49d-06e02b369ef6", "isDeleted:":"true", "version":"1733804999762"}}
{"logTime": "1211/155550", "correlationVector":"pnMvB+IRU0waljKw09KYhy.133","action":"GetUpdates", "result":"DeleteReceived", "context":{"id":"e2117b91-b464-4c6a-9830-8ef4a3fae476", "isDeleted:":"true", "version":"1733811831603"}}
{"logTime": "1211/155550", "correlationVector":"pnMvB+IRU0waljKw09KYhy.134","action":"GetUpdates", "result":"DeleteReceived", "context":{"id":"c33b2c94-ad90-4e19-8eff-219306b715b0", "isDeleted:":"true", "version":"1733811831605"}}
{"logTime": "1211/155550", "correlationVector":"pnMvB+IRU0waljKw09KYhy.135","action":"GetUpdates", "result":"DeleteReceived", "context":{"id":"483ebe60-aebb-4a41-9e4a-d192ccd886e9", "isDeleted:":"true", "version":"1733811831606"}}
{"logTime": "1211/155550", "correlationVector":"pnMvB+IRU0waljKw09KYhy.136","action":"GetUpdates", "result":"DeleteReceived", "context":{"id":"e84de01d-1d19-49e6-936f-a3baecd87c34", "isDeleted:":"true", "version":"1733819725372"}}
{"logTime": "1211/155550", "correlationVector":"pnMvB+IRU0waljKw09KYhy.137","action":"GetUpdates", "result":"DeleteReceived", "context":{"id":"81cf9604-6d59-4a8e-b061-771012c40c8d", "isDeleted:":"true", "version":"1733819800599"}}
{"logTime": "1211/155550", "correlationVector":"pnMvB+IRU0waljKw09KYhy.138","action":"GetUpdates", "result":"DeleteReceived", "context":{"id":"14ade548-7964-430b-be82-3caab3a394a8", "isDeleted:":"true", "version":"1733821840353"}}
{"logTime": "1211/155550", "correlationVector":"pnMvB+IRU0waljKw09KYhy.139","action":"GetUpdates", "result":"DeleteReceived", "context":{"id":"968fdd70-2c7b-499a-b402-6cd0f79d304f", "isDeleted:":"true", "version":"1733822408472"}}
{"logTime": "1211/155550", "correlationVector":"pnMvB+IRU0waljKw09KYhy.140","action":"GetUpdates", "result":"DeleteReceived", "context":{"id":"f801037f-89fe-42d7-b33f-ec912ee0cc83", "isDeleted:":"true", "version":"1733823795093"}}
{"logTime": "1211/155550", "correlationVector":"pnMvB+IRU0waljKw09KYhy.141","action":"GetUpdates", "result":"DeleteReceived", "context":{"id":"7d07c6df-7d62-42a8-9a33-dd259beed958", "isDeleted:":"true", "version":"1733824953218"}}
{"logTime": "1211/155550", "correlationVector":"pnMvB+IRU0waljKw09KYhy.142","action":"GetUpdates", "result":"DeleteReceived", "context":{"id":"6e78d291-429d-42f2-8fe6-750e6fa9e209", "isDeleted:":"true", "version":"1733826323558"}}
{"logTime": "1211/155550", "correlationVector":"pnMvB+IRU0waljKw09KYhy.143","action":"GetUpdates", "result":"DeleteReceived", "context":{"id":"9d741f6a-cf3e-42cd-873f-43dd90357452", "isDeleted:":"true", "version":"1733887049221"}}
{"logTime": "1211/155550", "correlationVector":"pnMvB+IRU0waljKw09KYhy.144","action":"GetUpdates", "result":"DeleteReceived", "context":{"id":"0aae8bcc-bb15-4cd3-8134-98eed2172a1e", "isDeleted:":"true", "version":"1733887708692"}}
{"logTime": "1211/155550", "correlationVector":"pnMvB+IRU0waljKw09KYhy.145","action":"GetUpdates", "result":"DeleteReceived", "context":{"id":"a778c20c-5463-481e-951e-1007e9d4e3b0", "isDeleted:":"true", "version":"1733890905589"}}
{"logTime": "1211/155550", "correlationVector":"pnMvB+IRU0waljKw09KYhy.146","action":"GetUpdates", "result":"DeleteReceived", "context":{"id":"43ebadf9-0a53-416f-9f18-7268151f197d", "isDeleted:":"true", "version":"1733891576590"}}
{"logTime": "1211/155550", "correlationVector":"pnMvB+IRU0waljKw09KYhy.147","action":"GetUpdates", "result":"DeleteReceived", "context":{"id":"9205cca4-974f-4a4b-bf0f-46e0f9ab485f", "isDeleted:":"true", "version":"1733895252843"}}
{"logTime": "1211/155550", "correlationVector":"pnMvB+IRU0waljKw09KYhy.148","action":"GetUpdates", "result":"DeleteReceived", "context":{"id":"79cd2514-a82a-4e61-a04b-5396b9fe7736", "isDeleted:":"true", "version":"1733895279947"}}
{"logTime": "1211/155550", "correlationVector":"pnMvB+IRU0waljKw09KYhy.149","action":"GetUpdates", "result":"DeleteReceived", "context":{"id":"b1afe24b-68c3-4806-983e-2844c30bb47f", "isDeleted:":"true", "version":"1733895279948"}}
{"logTime": "1211/155550", "correlationVector":"pnMvB+IRU0waljKw09KYhy.150","action":"GetUpdates", "result":"DeleteReceived", "context":{"id":"95d29775-8dac-47a2-95a5-cfec53100bb5", "isDeleted:":"true", "version":"1733895279949"}}
{"logTime": "1211/155550", "correlationVector":"pnMvB+IRU0waljKw09KYhy.151","action":"GetUpdates", "result":"DeleteReceived", "context":{"id":"06e7b45c-adc5-4236-9960-019409d158dc", "isDeleted:":"true", "version":"1733895279950"}}
{"logTime": "1211/155550", "correlationVector":"pnMvB+IRU0waljKw09KYhy.152","action":"GetUpdates", "result":"DeleteReceived", "context":{"id":"8e3f6d0c-fafb-40fd-8814-d192671d3173", "isDeleted:":"true", "version":"1733895279951"}}
{"logTime": "1211/155550", "correlationVector":"pnMvB+IRU0waljKw09KYhy.153","action":"GetUpdates", "result":"DeleteReceived", "context":{"id":"57e6d137-69fb-4f2f-81bf-c5b7f6597610", "isDeleted:":"true", "version":"1733907602950"}}
{"logTime": "1211/155550", "correlationVector":"pnMvB+IRU0waljKw09KYhy.154","action":"GetUpdates", "result":"DeleteReceived", "context":{"id":"0ad05545-493d-4908-b4ff-6ec0e722e981", "isDeleted:":"true", "version":"1733913247895"}}
{"logTime": "1211/155550", "correlationVector":"pnMvB+IRU0waljKw09KYhy.155","action":"GetUpdates", "result":"DeleteReceived", "context":{"id":"0944d1e1-0167-4cb8-8676-418fa60f1219", "isDeleted:":"true", "version":"1733913247896"}}
{"logTime": "1211/155550", "correlationVector":"pnMvB+IRU0waljKw09KYhy.156","action":"GetUpdates", "result":"DeleteReceived", "context":{"id":"56993793-8070-4a3b-be08-94d608284b09", "isDeleted:":"true", "version":"1733913286654"}}
{"logTime": "1211/155550", "correlationVector":"pnMvB+IRU0waljKw09KYhy.157","action":"GetUpdates", "result":"DeleteReceived", "context":{"id":"a45b74b8-6688-4da7-8b0d-6d5b2eead229", "isDeleted:":"true", "version":"1733913286655"}}
{"logTime": "1211/155550", "correlationVector":"pnMvB+IRU0waljKw09KYhy.158","action":"GetUpdates", "result":"DeleteReceived", "context":{"id":"361fa599-c8a0-4447-ac0f-572be1ea03a1", "isDeleted:":"true", "version":"1733913940422"}}
{"logTime": "1211/155550", "correlationVector":"pnMvB+IRU0waljKw09KYhy.159","action":"GetUpdates", "result":"DeleteReceived", "context":{"id":"7da4db1b-308d-45da-9427-3acfae3fbd2c", "isDeleted:":"true", "version":"1733915275122"}}
{"logTime": "1211/155550", "correlationVector":"pnMvB+IRU0waljKw09KYhy.160","action":"GetUpdates", "result":"DeleteReceived", "context":{"id":"5df0bd2e-9552-4c9a-a84b-771f335a5356", "isDeleted:":"true", "version":"1733915285349"}}
{"logTime": "1211/155550", "correlationVector":"pnMvB+IRU0waljKw09KYhy.161","action":"GetUpdates", "result":"DeleteReceived", "context":{"id":"40216cbb-171b-4167-8d06-2e0a6d53779a", "isDeleted:":"true", "version":"1733915285350"}}
{"logTime": "1211/155550", "correlationVector":"pnMvB+IRU0waljKw09KYhy.162","action":"GetUpdates", "result":"DeleteReceived", "context":{"id":"3246b54b-cd86-49fa-b545-9990813d4aab", "isDeleted:":"true", "version":"1733915285352"}}
{"logTime": "1211/155550", "correlationVector":"pnMvB+IRU0waljKw09KYhy.163","action":"GetUpdates", "result":"DeleteReceived", "context":{"id":"134d5bdd-3737-40ed-b51a-598379d49f78", "isDeleted:":"true", "version":"1733915285353"}}
{"logTime": "1211/155550", "correlationVector":"pnMvB+IRU0waljKw09KYhy.164","action":"GetUpdates", "result":"DeleteReceived", "context":{"id":"f8fcd928-1217-49de-812d-1d0ebd950ab4", "isDeleted:":"true", "version":"1733915285355"}}
{"logTime": "1211/155550", "correlationVector":"pnMvB+IRU0waljKw09KYhy.165","action":"GetUpdates", "result":"DeleteReceived", "context":{"id":"8a51f130-30b9-4fb0-a18f-e21719de3977", "isDeleted:":"true", "version":"1733920450739"}}
{"logTime": "1211/155550", "correlationVector":"pnMvB+IRU0waljKw09KYhy.166","action":"GetUpdates", "result":"DeleteReceived", "context":{"id":"71f86cba-0fb9-4a2b-ab95-7c0f04b926ea", "isDeleted:":"true", "version":"1733920450740"}}
{"logTime": "1211/155550", "correlationVector":"pnMvB+IRU0waljKw09KYhy.167","action":"GetUpdates", "result":"DeleteReceived", "context":{"id":"a81832f2-552f-49fc-8832-bd48b91c7e33", "isDeleted:":"true", "version":"1733920450741"}}
{"logTime": "1211/155550", "correlationVector":"pnMvB+IRU0waljKw09KYhy.168","action":"GetUpdates", "result":"DeleteReceived", "context":{"id":"aedb23c9-9f1c-42fa-8133-670c3bfe9739", "isDeleted:":"true", "version":"1733920450742"}}
{"logTime": "1211/155550", "correlationVector":"pnMvB+IRU0waljKw09KYhy.169","action":"GetUpdates", "result":"DeleteReceived", "context":{"id":"e359d51b-278e-45e9-9c04-b3f1c9853be7", "isDeleted:":"true", "version":"1733920450743"}}
{"logTime": "1211/155550", "correlationVector":"pnMvB+IRU0waljKw09KYhy.170","action":"GetUpdates", "result":"DeleteReceived", "context":{"id":"7715a9fb-a9fe-4cf6-ab1a-c39eb8591bc9", "isDeleted:":"true", "version":"1733921796888"}}
{"logTime": "1211/155550", "correlationVector":"pnMvB+IRU0waljKw09KYhy.171","action":"GetUpdates", "result":"DeleteReceived", "context":{"id":"5c6d2bfe-bc94-464d-8bf0-57388dd6bc0f", "isDeleted:":"true", "version":"1733923216051"}}
{"logTime": "1211/155550", "correlationVector":"pnMvB+IRU0waljKw09KYhy.172","action":"GetUpdates", "result":"DeleteReceived", "context":{"id":"81dc169d-6c96-459a-ae5b-c8f64436cb39", "isDeleted:":"true", "version":"1733928890950"}}
{"logTime": "1211/155550", "correlationVector":"pnMvB+IRU0waljKw09KYhy.173","action":"GetUpdates", "result":"DeleteReceived", "context":{"id":"3a286e3f-350f-47b8-b649-d4bc03f0c2dc", "isDeleted:":"true", "version":"1733928890951"}}
{"logTime": "1211/155550", "correlationVector":"pnMvB+IRU0waljKw09KYhy.174","action":"GetUpdates", "result":"DeleteReceived", "context":{"id":"006b3c2e-a324-4b73-898d-aa42a4c1c9d7", "isDeleted:":"true", "version":"1733928890952"}}
{"logTime": "1211/155550", "correlationVector":"pnMvB+IRU0waljKw09KYhy.175","action":"GetUpdates", "result":"DeleteReceived", "context":{"id":"26c96d3f-e5d8-455e-9026-245a1bb4c41a", "isDeleted:":"true", "version":"1733928890953"}}
{"logTime": "1211/155550", "correlationVector":"pnMvB+IRU0waljKw09KYhy.176","action":"GetUpdates", "result":"DeleteReceived", "context":{"id":"eb9952b7-88da-4dd1-8600-ab6f3f911a9d", "isDeleted:":"true", "version":"1733928890954"}}
{"logTime": "1211/155550", "correlationVector":"pnMvB+IRU0waljKw09KYhy.177","action":"GetUpdates", "result":"DeleteReceived", "context":{"id":"77a73c1b-03ec-4de4-ae9c-bc01eb5c3460", "isDeleted:":"true", "version":"1733928890955"}}
{"logTime": "1211/155550", "correlationVector":"pnMvB+IRU0waljKw09KYhy.178","action":"GetUpdates", "result":"DeleteReceived", "context":{"id":"5bc94411-4201-4877-aef5-eca3cf6a3ad9", "isDeleted:":"true", "version":"1733928890956"}}
{"logTime": "1211/155550", "correlationVector":"pnMvB+IRU0waljKw09KYhy.179","action":"GetUpdates", "result":"DeleteReceived", "context":{"id":"cf400724-d0c4-48a5-9cbd-12ded7a7b861", "isDeleted:":"true", "version":"1733928890957"}}
{"logTime": "1211/155550", "correlationVector":"pnMvB+IRU0waljKw09KYhy.180","action":"GetUpdates", "result":"DeleteReceived", "context":{"id":"7edd0e55-a220-454c-ba00-2683e71a19a8", "isDeleted:":"true", "version":"1733928890958"}}
{"logTime": "1211/155550", "correlationVector":"pnMvB+IRU0waljKw09KYhy.181","action":"GetUpdates", "result":"DeleteReceived", "context":{"id":"d8c0bca6-699a-4eb3-953c-736d76e04460", "isDeleted:":"true", "version":"1733928890959"}}
{"logTime": "1211/155550", "correlationVector":"pnMvB+IRU0waljKw09KYhy.182","action":"GetUpdates", "result":"DeleteReceived", "context":{"id":"ec85dadb-ff04-43d3-aa8d-63417a4eeba0", "isDeleted:":"true", "version":"1733928890960"}}
{"logTime": "1211/155550", "correlationVector":"pnMvB+IRU0waljKw09KYhy.183","action":"GetUpdates", "result":"DeleteReceived", "context":{"id":"69a34cc7-39cf-4cda-8ecf-160324d6f3eb", "isDeleted:":"true", "version":"1733928890961"}}
{"logTime": "1211/155550", "correlationVector":"pnMvB+IRU0waljKw09KYhy.184","action":"GetUpdates", "result":"DeleteReceived", "context":{"id":"3efe9dc9-8e79-444b-87b4-31e64fc827f2", "isDeleted:":"true", "version":"1733930707332"}}
{"logTime": "1211/155550", "correlationVector":"pnMvB+IRU0waljKw09KYhy.185","action":"GetUpdates", "result":"DeleteReceived", "context":{"id":"73c6a326-eb84-49db-8222-0f41fd562fe1", "isDeleted:":"true", "version":"1733931651730"}}
{"logTime": "1211/155550", "correlationVector":"pnMvB+IRU0waljKw09KYhy.186","action":"GetUpdates", "result":"DeleteReceived", "context":{"id":"75c9c0c9-f48f-4526-ad26-e30f87f636ac", "isDeleted:":"true", "version":"1733931651732"}}
{"logTime": "1211/155550", "correlationVector":"pnMvB+IRU0waljKw09KYhy.187","action":"GetUpdates", "result":"DeleteReceived", "context":{"id":"2d61cc74-a16a-4937-be3d-3ce794bf3b25", "isDeleted:":"true", "version":"1733931884483"}}
{"logTime": "1211/155550", "correlationVector":"pnMvB+IRU0waljKw09KYhy.188","action":"GetUpdates", "result":"DeleteReceived", "context":{"id":"4b54c0a7-2c15-4d27-aacf-af9017e6a2d6", "isDeleted:":"true", "version":"1733931884484"}}
{"logTime": "1211/155550", "correlationVector":"pnMvB+IRU0waljKw09KYhy.189","action":"GetUpdates", "result":"DeleteReceived", "context":{"id":"2f8c7b41-12fc-4b35-be09-d2b526dfbd54", "isDeleted:":"true", "version":"1733932028176"}}
{"logTime": "1211/155550", "correlationVector":"pnMvB+IRU0waljKw09KYhy.190","action":"GetUpdates", "result":"DeleteReceived", "context":{"id":"130c7b0c-5822-4d37-83da-16a407d68e7d", "isDeleted:":"true", "version":"1733731851273"}}
{"logTime": "1211/155550", "correlationVector":"pnMvB+IRU0waljKw09KYhy.191","action":"GetUpdates", "result":"DeleteReceived", "context":{"id":"c8e8905b-bebc-4142-a055-9fb68edd4639", "isDeleted:":"true", "version":"1733731851274"}}
{"logTime": "1211/155550", "correlationVector":"pnMvB+IRU0waljKw09KYhy.192","action":"GetUpdates", "result":"DeleteReceived", "context":{"id":"dc405f6f-9601-4856-932a-acf51c4fc89d", "isDeleted:":"true", "version":"1733731851275"}}
{"logTime": "1211/155550", "correlationVector":"pnMvB+IRU0waljKw09KYhy.193","action":"GetUpdates", "result":"DeleteReceived", "context":{"id":"bcc99ccb-c9a7-4c6b-bde5-92b211dead60", "isDeleted:":"true", "version":"1733731851276"}}
{"logTime": "1211/155550", "correlationVector":"pnMvB+IRU0waljKw09KYhy.194","action":"GetUpdates", "result":"DeleteReceived", "context":{"id":"52ac43d2-cd39-4808-8fad-31df9a1d3fa4", "isDeleted:":"true", "version":"1733754503498"}}
{"logTime": "1211/155550", "correlationVector":"pnMvB+IRU0waljKw09KYhy.195","action":"GetUpdates", "result":"DeleteReceived", "context":{"id":"3299e29f-cf98-422c-ab76-a20f3261311a", "isDeleted:":"true", "version":"1733845843582"}}
{"logTime": "1211/155550", "correlationVector":"pnMvB+IRU0waljKw09KYhy.196","action":"GetUpdates", "result":"DeleteReceived", "context":{"id":"0944894c-459e-4859-8198-7ea79dce87c3", "isDeleted:":"true", "version":"1733845843583"}}
{"logTime": "1211/155550", "correlationVector":"pnMvB+IRU0waljKw09KYhy.197","action":"GetUpdates", "result":"DeleteReceived", "context":{"id":"229ed0de-0739-4d46-9ce5-c0c167abda70", "isDeleted:":"true", "version":"1733845843584"}}
{"logTime": "1211/155550", "correlationVector":"pnMvB+IRU0waljKw09KYhy.198","action":"GetUpdates", "result":"DeleteReceived", "context":{"id":"939e973d-3239-4893-b760-0e0f4ddf4b7a", "isDeleted:":"true", "version":"1733878653004"}}
{"logTime": "1211/155550", "correlationVector":"pnMvB+IRU0waljKw09KYhy.199","action":"GetUpdates Response", "result":"Success", "context":Received 250 update(s). cV=pnMvB+IRU0waljKw09KYhy.0;server=akswtt00300001r;cloudType=Consumer;environment=Prod_eastasia_prod-s01-034-apac-eastasia;migrationStage=NotStarted Some updates remain.}
{"logTime": "1211/155550", "correlationVector":"yivHjWvDaEVNxxzI2PXWrQ","action":"Initial GetUpdates", "result":"", "context":Reason: NEWLY_SUPPORTED_DATATYPE. cV=yivHjWvDaEVNxxzI2PXWrQ}
{"logTime": "1211/155551", "correlationVector":"yivHjWvDaEVNxxzI2PXWrQ.1","action":"SyncServerConnectionManagerRequest", "result":"SYNC_SERVER_OK", "context":{"environment":"Prod_eastasia_prod-s01-034-apac-eastasia", "migrationStage":"NotStarted", "server":"akswtt00300001d"}}
{"logTime": "1211/155551", "correlationVector":"yivHjWvDaEVNxxzI2PXWrQ.2","action":"GetUpdates", "result":"DeleteReceived", "context":{"id":"c952cca6-c4bd-4596-a382-bccdec2b3fa8", "isDeleted:":"true", "version":"1733932402792"}}
{"logTime": "1211/155551", "correlationVector":"yivHjWvDaEVNxxzI2PXWrQ.3","action":"GetUpdates", "result":"DeleteReceived", "context":{"id":"a4858ffb-d788-414e-a577-dbf788e8ff3b", "isDeleted:":"true", "version":"1733932449213"}}
{"logTime": "1211/155551", "correlationVector":"yivHjWvDaEVNxxzI2PXWrQ.4","action":"GetUpdates", "result":"DeleteReceived", "context":{"id":"9b444d9b-006f-4e55-95f1-52c859d379a8", "isDeleted:":"true", "version":"1733932449214"}}
{"logTime": "1211/155551", "correlationVector":"yivHjWvDaEVNxxzI2PXWrQ.5","action":"GetUpdates Response", "result":"Success", "context":Received 9 update(s). cV=yivHjWvDaEVNxxzI2PXWrQ.0;server=akswtt00300001d;cloudType=Consumer;environment=Prod_eastasia_prod-s01-034-apac-eastasia;migrationStage=NotStarted}
{"logTime": "1211/155551", "correlationVector":"O+muPc1otms6gbh3DbHI8V","action":"Normal GetUpdate request", "result":"", "context":cV=O+muPc1otms6gbh3DbHI8V
Nudged types: Preferences, Sessions, Device Info, User Consents
Refresh requested types: Bookmarks, Preferences, Passwords, Autofill Profiles, Autofill, Typed URLs, Extensions, Sessions, Extension settings, History Delete Directives, Device Info, User Consents, Send Tab To Self, Web Apps, Collection, Edge E Drop, Edge Hub App Usage, Edge Tab Group, Edge Wallet, Encryption Keys}
{"logTime": "1211/155552", "correlationVector":"O+muPc1otms6gbh3DbHI8V.1","action":"SyncServerConnectionManagerRequest", "result":"SYNC_SERVER_OK", "context":{"environment":"Prod_eastasia_prod-s01-034-apac-eastasia", "migrationStage":"NotStarted", "server":"akswtt00300001v"}}
{"logTime": "1211/155552", "correlationVector":"O+muPc1otms6gbh3DbHI8V.2","action":"GetUpdates Response", "result":"Success", "context":Received 0 update(s). cV=O+muPc1otms6gbh3DbHI8V.0;server=akswtt00300001v;cloudType=Consumer;environment=Prod_eastasia_prod-s01-034-apac-eastasia;migrationStage=NotStarted}
{"logTime": "1211/155552", "correlationVector":"3Ud62/ifocjVDiPulTQaBZ","action":"Commit Request", "result":"", "context":Item count: 11
Contributing types: Preferences, Typed URLs, Sessions, Device Info, User Consents, Collection}
{"logTime": "1211/155554", "correlationVector":"3Ud62/ifocjVDiPulTQaBZ.1","action":"SyncServerConnectionManagerRequest", "result":"SYNC_SERVER_OK", "context":{"environment":"Prod_eastasia_prod-s01-034-apac-eastasia", "migrationStage":"NotStarted", "server":"akswtt003000002"}}
{"logTime": "1211/155554", "correlationVector":"3Ud62/ifocjVDiPulTQaBZ.2","action":"Commit Response", "result":"Success", "context":Result: Success. cV=3Ud62/ifocjVDiPulTQaBZ.0;server=akswtt003000002;cloudType=Consumer;environment=Prod_eastasia_prod-s01-034-apac-eastasia;migrationStage=NotStarted}
{"logTime": "1211/160022", "correlationVector":"3HlkR1RRjtQSo8YweXG/3u","action":"Normal GetUpdate request", "result":"", "context":cV=3HlkR1RRjtQSo8YweXG/3u
Refresh requested types: Bookmarks, Preferences, Passwords, Autofill Profiles, Autofill, Typed URLs, Extensions, Sessions, Extension settings, History Delete Directives, Device Info, User Consents, Send Tab To Self, Web Apps, Collection, Edge E Drop, Edge Hub App Usage, Edge Tab Group, Edge Wallet, Encryption Keys}
{"logTime": "1211/160024", "correlationVector":"3HlkR1RRjtQSo8YweXG/3u.1","action":"SyncServerConnectionManagerRequest", "result":"SYNC_SERVER_OK", "context":{"environment":"Prod_eastasia_prod-s01-034-apac-eastasia", "migrationStage":"NotStarted", "server":"akswtt00300003h"}}
{"logTime": "1211/160024", "correlationVector":"3HlkR1RRjtQSo8YweXG/3u.2","action":"GetUpdates Response", "result":"Success", "context":Received 10 update(s). cV=3HlkR1RRjtQSo8YweXG/3u.0;server=akswtt00300003h;cloudType=Consumer;environment=Prod_eastasia_prod-s01-034-apac-eastasia;migrationStage=NotStarted}
{"logTime": "1211/160024", "correlationVector":"QF1osxhXVaUSqBWgMXePav","action":"DoCompareDataConsistency requsted types: ", "result":"Bookmarks, Preferences, Passwords, Typed URLs, Extensions, Extension settings, History Delete Directives, Send Tab To Self, Web Apps, Collection, Edge E Drop, Edge Tab Group, Edge Wallet, Encryption Keys"}
{"logTime": "1211/160024", "correlationVector":"QF1osxhXVaUSqBWgMXePav.0","action":"CompareDataConsistency result: ", "result":"Compare result: Encryption Keys is consistent. local entities count is: 1 local entities hash is: 0mLKXj9B7R4Xbd6KgJQySJ37+Wg="}
{"logTime": "1211/160024", "correlationVector":"QF1osxhXVaUSqBWgMXePav.1","action":"CompareDataConsistency result: ", "result":"Compare result: Bookmarks is consistent. local entities count is: 28 local entities hash is: 0EoFYHucS3ww4+cHWe8G8v+BzWE="}
{"logTime": "1211/160024", "correlationVector":"QF1osxhXVaUSqBWgMXePav.2","action":"CompareDataConsistency result: ", "result":"Compare result: Preferences is consistent. local entities count is: 99 local entities hash is: /qBQ7/qbZkT0gTyWr8p5hrE1IpY="}
{"logTime": "1211/160024", "correlationVector":"QF1osxhXVaUSqBWgMXePav.3","action":"CompareDataConsistency result: ", "result":"Server did not send this Typed URLs local entities count is: 85 local entities hash is: jRtSq/CzXhbzRVmyFETZyk/nAEQ="}
{"logTime": "1211/160024", "correlationVector":"QF1osxhXVaUSqBWgMXePav.4","action":"CompareDataConsistency result: ", "result":"Compare result: Extensions is consistent. local entities count is: 14 local entities hash is: TJyGzXjntTgHvT/wYI3h2E+0an4="}
{"logTime": "1211/160024", "correlationVector":"QF1osxhXVaUSqBWgMXePav.5","action":"CompareDataConsistency result: ", "result":"Compare result: Extension settings is consistent. local entities count is: 28 local entities hash is: 7r1ghzV2QX6madoVmwuyPBFDqEM="}
{"logTime": "1211/160024", "correlationVector":"QF1osxhXVaUSqBWgMXePav.6","action":"CompareDataConsistency result: ", "result":"Compare result: History Delete Directives is consistent. local entities count is: 0 local entities hash is: "}
{"logTime": "1211/160024", "correlationVector":"QF1osxhXVaUSqBWgMXePav.7","action":"CompareDataConsistency result: ", "result":"Server did not send this Send Tab To Self local entities count is: 0 local entities hash is: "}
{"logTime": "1211/160024", "correlationVector":"QF1osxhXVaUSqBWgMXePav.8","action":"CompareDataConsistency result: ", "result":"Compare result: Web Apps is consistent. local entities count is: 0 local entities hash is: "}
{"logTime": "1211/160024", "correlationVector":"QF1osxhXVaUSqBWgMXePav.9","action":"CompareDataConsistency result: ", "result":"Compare result: Collection is consistent. local entities count is: 14 local entities hash is: gAm45paSGIKoMKVusvXjeVI8wcc="}
{"logTime": "1211/160024", "correlationVector":"QF1osxhXVaUSqBWgMXePav.10","action":"CompareDataConsistency result: ", "result":"Compare result: Edge E Drop is consistent. local entities count is: 0 local entities hash is: "}
{"logTime": "1211/160024", "correlationVector":"QF1osxhXVaUSqBWgMXePav.11","action":"CompareDataConsistency result: ", "result":"Compare result: Edge Tab Group is consistent. local entities count is: 1 local entities hash is: tRQKx4hb3S0sYv7UaTwM3ss2AQU="}
{"logTime": "1211/160024", "correlationVector":"QF1osxhXVaUSqBWgMXePav.12","action":"CompareDataConsistency result: ", "result":"Compare result: Edge Wallet is consistent. local entities count is: 0 local entities hash is: "}
{"logTime": "1211/160024", "correlationVector":"QF1osxhXVaUSqBWgMXePav.13","action":"CompareDataConsistency result: ", "result":"Compare result: Passwords is consistent. local entities count is: 134 local entities hash is: HCAomNSYXuDaQqUznMwfdROTZZo="}
{"logTime": "1211/160024", "correlationVector":"","action":"DIAGNOSTIC_REQUEST|v1/diagnosticData/Diagnostic.SendCheckResult()|SUCCESS", "result":""}
